{"E:\\IIUC\\6th sem\\mother\\SD2\\generated\\prisma\\client.ts": {"path":"E:\\IIUC\\6th sem\\mother\\SD2\\generated\\prisma\\client.ts","statementMap":{"0":{"start":{"line":16,"column":0},"end":{"line":16,"column":null}},"1":{"start":{"line":40,"column":28},"end":{"line":40,"column":57}}},"fnMap":{},"branchMap":{},"s":{"0":4,"1":4},"f":{},"b":{}}
,"E:\\IIUC\\6th sem\\mother\\SD2\\generated\\prisma\\enums.ts": {"path":"E:\\IIUC\\6th sem\\mother\\SD2\\generated\\prisma\\enums.ts","statementMap":{"0":{"start":{"line":12,"column":24},"end":{"line":16,"column":null}},"1":{"start":{"line":21,"column":29},"end":{"line":25,"column":null}},"2":{"start":{"line":30,"column":29},"end":{"line":34,"column":null}}},"fnMap":{},"branchMap":{},"s":{"0":4,"1":4,"2":4},"f":{},"b":{}}
,"E:\\IIUC\\6th sem\\mother\\SD2\\generated\\prisma\\internal\\class.ts": {"path":"E:\\IIUC\\6th sem\\mother\\SD2\\generated\\prisma\\internal\\class.ts","statementMap":{"0":{"start":{"line":18,"column":46},"end":{"line":33,"column":null}},"1":{"start":{"line":35,"column":0},"end":{"line":35,"column":null}},"2":{"start":{"line":36,"column":0},"end":{"line":39,"column":null}},"3":{"start":{"line":42,"column":21},"end":{"line":42,"column":48}},"4":{"start":{"line":43,"column":20},"end":{"line":43,"column":53}},"5":{"start":{"line":44,"column":2},"end":{"line":44,"column":null}},"6":{"start":{"line":47,"column":0},"end":{"line":56,"column":null}},"7":{"start":{"line":48,"column":26},"end":{"line":48,"column":102}},"8":{"start":{"line":51,"column":21},"end":{"line":51,"column":109}},"9":{"start":{"line":52,"column":4},"end":{"line":52,"column":null}},"10":{"start":{"line":283,"column":2},"end":{"line":283,"column":null}}},"fnMap":{"0":{"name":"decodeBase64AsWasm","decl":{"start":{"line":41,"column":15},"end":{"line":41,"column":33}},"loc":{"start":{"line":41,"column":52},"end":{"line":45,"column":1}}},"1":{"name":"(anonymous_1)","decl":{"start":{"line":48,"column":14},"end":{"line":48,"column":19}},"loc":{"start":{"line":48,"column":26},"end":{"line":48,"column":102}}},"2":{"name":"(anonymous_2)","decl":{"start":{"line":50,"column":30},"end":{"line":50,"column":35}},"loc":{"start":{"line":50,"column":41},"end":{"line":53,"column":3}}},"3":{"name":"getPrismaClientClass","decl":{"start":{"line":282,"column":16},"end":{"line":282,"column":36}},"loc":{"start":{"line":282,"column":36},"end":{"line":284,"column":1}}}},"branchMap":{},"s":{"0":4,"1":4,"2":4,"3":4,"4":4,"5":4,"6":4,"7":4,"8":4,"9":4,"10":4},"f":{"0":4,"1":4,"2":4,"3":4},"b":{}}
,"E:\\IIUC\\6th sem\\mother\\SD2\\generated\\prisma\\internal\\prismaNamespace.ts": {"path":"E:\\IIUC\\6th sem\\mother\\SD2\\generated\\prisma\\internal\\prismaNamespace.ts","statementMap":{"0":{"start":{"line":32,"column":45},"end":{"line":32,"column":82}},"1":{"start":{"line":35,"column":47},"end":{"line":35,"column":86}},"2":{"start":{"line":38,"column":42},"end":{"line":38,"column":76}},"3":{"start":{"line":41,"column":47},"end":{"line":41,"column":86}},"4":{"start":{"line":44,"column":43},"end":{"line":44,"column":78}},"5":{"start":{"line":50,"column":19},"end":{"line":50,"column":33}},"6":{"start":{"line":51,"column":21},"end":{"line":51,"column":34}},"7":{"start":{"line":52,"column":20},"end":{"line":52,"column":32}},"8":{"start":{"line":53,"column":19},"end":{"line":53,"column":30}},"9":{"start":{"line":54,"column":19},"end":{"line":54,"column":30}},"10":{"start":{"line":62,"column":23},"end":{"line":62,"column":38}},"11":{"start":{"line":71,"column":35},"end":{"line":71,"column":73}},"12":{"start":{"line":86,"column":44},"end":{"line":89,"column":null}},"13":{"start":{"line":104,"column":25},"end":{"line":108,"column":null}},"14":{"start":{"line":114,"column":22},"end":{"line":114,"column":36}},"15":{"start":{"line":121,"column":24},"end":{"line":121,"column":40}},"16":{"start":{"line":128,"column":23},"end":{"line":128,"column":38}},"17":{"start":{"line":399,"column":25},"end":{"line":409,"column":null}},"18":{"start":{"line":1123,"column":41},"end":{"line":1128,"column":11}},"19":{"start":{"line":1133,"column":42},"end":{"line":1139,"column":null}},"20":{"start":{"line":1144,"column":39},"end":{"line":1149,"column":null}},"21":{"start":{"line":1154,"column":38},"end":{"line":1161,"column":null}},"22":{"start":{"line":1166,"column":38},"end":{"line":1185,"column":null}},"23":{"start":{"line":1190,"column":43},"end":{"line":1196,"column":null}},"24":{"start":{"line":1201,"column":49},"end":{"line":1207,"column":null}},"25":{"start":{"line":1212,"column":43},"end":{"line":1218,"column":null}},"26":{"start":{"line":1223,"column":37},"end":{"line":1230,"column":null}},"27":{"start":{"line":1235,"column":35},"end":{"line":1245,"column":null}},"28":{"start":{"line":1250,"column":25},"end":{"line":1253,"column":null}},"29":{"start":{"line":1258,"column":34},"end":{"line":1260,"column":null}},"30":{"start":{"line":1265,"column":25},"end":{"line":1268,"column":null}},"31":{"start":{"line":1273,"column":35},"end":{"line":1277,"column":null}},"32":{"start":{"line":1282,"column":26},"end":{"line":1285,"column":null}},"33":{"start":{"line":1435,"column":31},"end":{"line":1435,"column":175}}},"fnMap":{},"branchMap":{},"s":{"0":4,"1":4,"2":4,"3":4,"4":4,"5":4,"6":4,"7":4,"8":4,"9":4,"10":4,"11":4,"12":4,"13":4,"14":4,"15":4,"16":4,"17":4,"18":4,"19":4,"20":4,"21":4,"22":4,"23":4,"24":4,"25":4,"26":4,"27":4,"28":4,"29":4,"30":4,"31":4,"32":4,"33":4},"f":{},"b":{}}
,"E:\\IIUC\\6th sem\\mother\\SD2\\src\\app.ts": {"path":"E:\\IIUC\\6th sem\\mother\\SD2\\src\\app.ts","statementMap":{"0":{"start":{"line":14,"column":12},"end":{"line":14,"column":21}},"1":{"start":{"line":16,"column":0},"end":{"line":16,"column":75}},"2":{"start":{"line":18,"column":23},"end":{"line":22,"column":29}},"3":{"start":{"line":24,"column":0},"end":{"line":27,"column":4}},"4":{"start":{"line":28,"column":0},"end":{"line":28,"column":24}},"5":{"start":{"line":29,"column":0},"end":{"line":29,"column":24}},"6":{"start":{"line":30,"column":0},"end":{"line":30,"column":45}},"7":{"start":{"line":31,"column":0},"end":{"line":31,"column":23}},"8":{"start":{"line":33,"column":0},"end":{"line":35,"column":3}},"9":{"start":{"line":34,"column":2},"end":{"line":34,"column":71}},"10":{"start":{"line":37,"column":0},"end":{"line":37,"column":68}},"11":{"start":{"line":38,"column":0},"end":{"line":38,"column":24}},"12":{"start":{"line":40,"column":0},"end":{"line":40,"column":18}},"13":{"start":{"line":41,"column":0},"end":{"line":41,"column":22}}},"fnMap":{"0":{"name":"(anonymous_0)","decl":{"start":{"line":33,"column":13},"end":{"line":33,"column":14}},"loc":{"start":{"line":33,"column":27},"end":{"line":35,"column":1}}}},"branchMap":{"0":{"loc":{"start":{"line":25,"column":10},"end":{"line":25,"column":58}},"type":"cond-expr","locations":[{"start":{"line":25,"column":38},"end":{"line":25,"column":52}},{"start":{"line":25,"column":55},"end":{"line":25,"column":58}}]}},"s":{"0":4,"1":4,"2":4,"3":4,"4":4,"5":4,"6":4,"7":4,"8":4,"9":0,"10":4,"11":4,"12":4,"13":4},"f":{"0":0},"b":{"0":[4,0]}}
,"E:\\IIUC\\6th sem\\mother\\SD2\\src\\config\\cloudinary.ts": {"path":"E:\\IIUC\\6th sem\\mother\\SD2\\src\\config\\cloudinary.ts","statementMap":{"0":{"start":{"line":3,"column":0},"end":{"line":7,"column":3}}},"fnMap":{},"branchMap":{},"s":{"0":4},"f":{},"b":{}}
,"E:\\IIUC\\6th sem\\mother\\SD2\\src\\config\\logger.ts": {"path":"E:\\IIUC\\6th sem\\mother\\SD2\\src\\config\\logger.ts","statementMap":{"0":{"start":{"line":3,"column":21},"end":{"line":3,"column":58}},"1":{"start":{"line":5,"column":15},"end":{"line":27,"column":2}},"2":{"start":{"line":13,"column":22},"end":{"line":13,"column":80}},"3":{"start":{"line":14,"column":8},"end":{"line":14,"column":59}},"4":{"start":{"line":30,"column":2},"end":{"line":34,"column":4}},"5":{"start":{"line":32,"column":6},"end":{"line":32,"column":34}}},"fnMap":{"0":{"name":"(anonymous_0)","decl":{"start":{"line":12,"column":28},"end":{"line":12,"column":29}},"loc":{"start":{"line":12,"column":71},"end":{"line":15,"column":7}}},"1":{"name":"stream","decl":{"start":{"line":29,"column":16},"end":{"line":29,"column":22}},"loc":{"start":{"line":29,"column":22},"end":{"line":35,"column":1}}},"2":{"name":"(anonymous_2)","decl":{"start":{"line":31,"column":4},"end":{"line":31,"column":9}},"loc":{"start":{"line":31,"column":25},"end":{"line":33,"column":5}}}},"branchMap":{"0":{"loc":{"start":{"line":6,"column":9},"end":{"line":6,"column":40}},"type":"cond-expr","locations":[{"start":{"line":6,"column":24},"end":{"line":6,"column":30}},{"start":{"line":6,"column":33},"end":{"line":6,"column":40}}]},"1":{"loc":{"start":{"line":10,"column":4},"end":{"line":15,"column":null}},"type":"cond-expr","locations":[{"start":{"line":10,"column":19},"end":{"line":10,"column":40}},{"start":{"line":10,"column":43},"end":{"line":15,"column":null}}]},"2":{"loc":{"start":{"line":13,"column":22},"end":{"line":13,"column":80}},"type":"cond-expr","locations":[{"start":{"line":13,"column":49},"end":{"line":13,"column":75}},{"start":{"line":13,"column":78},"end":{"line":13,"column":80}}]},"3":{"loc":{"start":{"line":20,"column":8},"end":{"line":25,"column":10}},"type":"cond-expr","locations":[{"start":{"line":21,"column":8},"end":{"line":24,"column":null}},{"start":{"line":25,"column":8},"end":{"line":25,"column":10}}]}},"s":{"0":4,"1":4,"2":103,"3":103,"4":4,"5":103},"f":{"0":103,"1":4,"2":103},"b":{"0":[0,4],"1":[0,4],"2":[0,103],"3":[0,4]}}
,"E:\\IIUC\\6th sem\\mother\\SD2\\src\\docs\\swagger.ts": {"path":"E:\\IIUC\\6th sem\\mother\\SD2\\src\\docs\\swagger.ts","statementMap":{"0":{"start":{"line":4,"column":38},"end":{"line":50,"column":2}},"1":{"start":{"line":52,"column":20},"end":{"line":52,"column":41}}},"fnMap":{},"branchMap":{},"s":{"0":4,"1":4},"f":{},"b":{}}
,"E:\\IIUC\\6th sem\\mother\\SD2\\src\\lib\\prisma.ts": {"path":"E:\\IIUC\\6th sem\\mother\\SD2\\src\\lib\\prisma.ts","statementMap":{"0":{"start":{"line":6,"column":25},"end":{"line":6,"column":54}},"1":{"start":{"line":8,"column":16},"end":{"line":8,"column":50}},"2":{"start":{"line":9,"column":15},"end":{"line":9,"column":44}}},"fnMap":{},"branchMap":{},"s":{"0":4,"1":4,"2":4},"f":{},"b":{}}
,"E:\\IIUC\\6th sem\\mother\\SD2\\src\\middleware\\auth.ts": {"path":"E:\\IIUC\\6th sem\\mother\\SD2\\src\\middleware\\auth.ts","statementMap":{"0":{"start":{"line":10,"column":17},"end":{"line":10,"column":42}},"1":{"start":{"line":11,"column":2},"end":{"line":13,"column":3}},"2":{"start":{"line":12,"column":4},"end":{"line":12,"column":72}},"3":{"start":{"line":14,"column":16},"end":{"line":14,"column":36}},"4":{"start":{"line":15,"column":2},"end":{"line":21,"column":3}},"5":{"start":{"line":16,"column":20},"end":{"line":16,"column":44}},"6":{"start":{"line":17,"column":4},"end":{"line":17,"column":93}},"7":{"start":{"line":18,"column":4},"end":{"line":18,"column":11}},"8":{"start":{"line":20,"column":4},"end":{"line":20,"column":72}},"9":{"start":{"line":25,"column":2},"end":{"line":30,"column":4}},"10":{"start":{"line":26,"column":4},"end":{"line":28,"column":5}},"11":{"start":{"line":27,"column":6},"end":{"line":27,"column":71}},"12":{"start":{"line":29,"column":4},"end":{"line":29,"column":11}}},"fnMap":{"0":{"name":"authenticate","decl":{"start":{"line":5,"column":16},"end":{"line":5,"column":28}},"loc":{"start":{"line":8,"column":20},"end":{"line":22,"column":1}}},"1":{"name":"authorize","decl":{"start":{"line":24,"column":16},"end":{"line":24,"column":25}},"loc":{"start":{"line":24,"column":44},"end":{"line":31,"column":1}}},"2":{"name":"(anonymous_2)","decl":{"start":{"line":25,"column":9},"end":{"line":25,"column":10}},"loc":{"start":{"line":25,"column":62},"end":{"line":30,"column":3}}}},"branchMap":{"0":{"loc":{"start":{"line":11,"column":2},"end":{"line":13,"column":3}},"type":"if","locations":[{"start":{"line":11,"column":2},"end":{"line":13,"column":3}}]},"1":{"loc":{"start":{"line":11,"column":6},"end":{"line":11,"column":46}},"type":"binary-expr","locations":[{"start":{"line":11,"column":6},"end":{"line":11,"column":13}},{"start":{"line":11,"column":17},"end":{"line":11,"column":46}}]},"2":{"loc":{"start":{"line":26,"column":4},"end":{"line":28,"column":5}},"type":"if","locations":[{"start":{"line":26,"column":4},"end":{"line":28,"column":5}}]},"3":{"loc":{"start":{"line":26,"column":8},"end":{"line":26,"column":51}},"type":"binary-expr","locations":[{"start":{"line":26,"column":8},"end":{"line":26,"column":17}},{"start":{"line":26,"column":21},"end":{"line":26,"column":51}}]}},"s":{"0":41,"1":41,"2":4,"3":37,"4":37,"5":37,"6":35,"7":35,"8":2,"9":56,"10":31,"11":3,"12":28},"f":{"0":41,"1":56,"2":31},"b":{"0":[4],"1":[41,37],"2":[3],"3":[31,31]}}
,"E:\\IIUC\\6th sem\\mother\\SD2\\src\\middleware\\errorHandler.ts": {"path":"E:\\IIUC\\6th sem\\mother\\SD2\\src\\middleware\\errorHandler.ts","statementMap":{"0":{"start":{"line":11,"column":2},"end":{"line":17,"column":3}},"1":{"start":{"line":12,"column":4},"end":{"line":15,"column":7}},"2":{"start":{"line":16,"column":4},"end":{"line":16,"column":11}},"3":{"start":{"line":19,"column":2},"end":{"line":19,"column":40}},"4":{"start":{"line":20,"column":2},"end":{"line":23,"column":5}}},"fnMap":{"0":{"name":"errorHandler","decl":{"start":{"line":5,"column":16},"end":{"line":5,"column":28}},"loc":{"start":{"line":9,"column":21},"end":{"line":24,"column":1}}}},"branchMap":{"0":{"loc":{"start":{"line":11,"column":2},"end":{"line":17,"column":3}},"type":"if","locations":[{"start":{"line":11,"column":2},"end":{"line":17,"column":3}}]}},"s":{"0":49,"1":49,"2":49,"3":0,"4":0},"f":{"0":49},"b":{"0":[49]}}
,"E:\\IIUC\\6th sem\\mother\\SD2\\src\\middleware\\isOwner.ts": {"path":"E:\\IIUC\\6th sem\\mother\\SD2\\src\\middleware\\isOwner.ts","statementMap":{"0":{"start":{"line":6,"column":17},"end":{"line":6,"column":29}},"1":{"start":{"line":7,"column":2},"end":{"line":9,"column":3}},"2":{"start":{"line":8,"column":4},"end":{"line":8,"column":71}},"3":{"start":{"line":11,"column":20},"end":{"line":11,"column":33}},"4":{"start":{"line":12,"column":2},"end":{"line":14,"column":3}},"5":{"start":{"line":13,"column":4},"end":{"line":13,"column":65}},"6":{"start":{"line":16,"column":2},"end":{"line":27,"column":17}},"7":{"start":{"line":19,"column":6},"end":{"line":21,"column":7}},"8":{"start":{"line":20,"column":8},"end":{"line":20,"column":66}},"9":{"start":{"line":22,"column":6},"end":{"line":24,"column":7}},"10":{"start":{"line":23,"column":8},"end":{"line":23,"column":76}},"11":{"start":{"line":25,"column":6},"end":{"line":25,"column":13}}},"fnMap":{"0":{"name":"isOwner","decl":{"start":{"line":5,"column":16},"end":{"line":5,"column":23}},"loc":{"start":{"line":5,"column":72},"end":{"line":28,"column":1}}},"1":{"name":"(anonymous_1)","decl":{"start":{"line":18,"column":10},"end":{"line":18,"column":11}},"loc":{"start":{"line":18,"column":22},"end":{"line":26,"column":5}}}},"branchMap":{"0":{"loc":{"start":{"line":7,"column":2},"end":{"line":9,"column":3}},"type":"if","locations":[{"start":{"line":7,"column":2},"end":{"line":9,"column":3}}]},"1":{"loc":{"start":{"line":12,"column":2},"end":{"line":14,"column":3}},"type":"if","locations":[{"start":{"line":12,"column":2},"end":{"line":14,"column":3}}]},"2":{"loc":{"start":{"line":19,"column":6},"end":{"line":21,"column":7}},"type":"if","locations":[{"start":{"line":19,"column":6},"end":{"line":21,"column":7}}]},"3":{"loc":{"start":{"line":22,"column":6},"end":{"line":24,"column":7}},"type":"if","locations":[{"start":{"line":22,"column":6},"end":{"line":24,"column":7}}]}},"s":{"0":4,"1":4,"2":0,"3":4,"4":4,"5":0,"6":4,"7":4,"8":0,"9":4,"10":2,"11":2},"f":{"0":4,"1":4},"b":{"0":[0],"1":[0],"2":[0],"3":[2]}}
,"E:\\IIUC\\6th sem\\mother\\SD2\\src\\middleware\\isSelf.ts": {"path":"E:\\IIUC\\6th sem\\mother\\SD2\\src\\middleware\\isSelf.ts","statementMap":{"0":{"start":{"line":5,"column":17},"end":{"line":5,"column":29}},"1":{"start":{"line":6,"column":2},"end":{"line":8,"column":3}},"2":{"start":{"line":7,"column":4},"end":{"line":7,"column":71}},"3":{"start":{"line":9,"column":2},"end":{"line":11,"column":3}},"4":{"start":{"line":10,"column":4},"end":{"line":10,"column":81}},"5":{"start":{"line":12,"column":2},"end":{"line":12,"column":9}}},"fnMap":{"0":{"name":"isSelf","decl":{"start":{"line":4,"column":16},"end":{"line":4,"column":22}},"loc":{"start":{"line":4,"column":71},"end":{"line":13,"column":1}}}},"branchMap":{"0":{"loc":{"start":{"line":6,"column":2},"end":{"line":8,"column":3}},"type":"if","locations":[{"start":{"line":6,"column":2},"end":{"line":8,"column":3}}]},"1":{"loc":{"start":{"line":9,"column":2},"end":{"line":11,"column":3}},"type":"if","locations":[{"start":{"line":9,"column":2},"end":{"line":11,"column":3}}]}},"s":{"0":3,"1":3,"2":0,"3":3,"4":2,"5":1},"f":{"0":3},"b":{"0":[0],"1":[2]}}
,"E:\\IIUC\\6th sem\\mother\\SD2\\src\\middleware\\notFound.ts": {"path":"E:\\IIUC\\6th sem\\mother\\SD2\\src\\middleware\\notFound.ts","statementMap":{"0":{"start":{"line":5,"column":2},"end":{"line":5,"column":58}}},"fnMap":{"0":{"name":"notFound","decl":{"start":{"line":4,"column":16},"end":{"line":4,"column":24}},"loc":{"start":{"line":4,"column":74},"end":{"line":6,"column":1}}}},"branchMap":{},"s":{"0":2},"f":{"0":2},"b":{}}
,"E:\\IIUC\\6th sem\\mother\\SD2\\src\\middleware\\rateLimiter.ts": {"path":"E:\\IIUC\\6th sem\\mother\\SD2\\src\\middleware\\rateLimiter.ts","statementMap":{"0":{"start":{"line":4,"column":15},"end":{"line":4,"column":46}},"1":{"start":{"line":7,"column":2},"end":{"line":7,"column":9}},"2":{"start":{"line":10,"column":16},"end":{"line":13,"column":2}},"3":{"start":{"line":15,"column":29},"end":{"line":23,"column":6}},"4":{"start":{"line":25,"column":27},"end":{"line":33,"column":6}},"5":{"start":{"line":35,"column":30},"end":{"line":43,"column":6}},"6":{"start":{"line":45,"column":25},"end":{"line":56,"column":6}}},"fnMap":{"0":{"name":"noop","decl":{"start":{"line":6,"column":9},"end":{"line":6,"column":13}},"loc":{"start":{"line":6,"column":63},"end":{"line":8,"column":1}}}},"branchMap":{"0":{"loc":{"start":{"line":15,"column":29},"end":{"line":23,"column":6}},"type":"cond-expr","locations":[{"start":{"line":16,"column":4},"end":{"line":16,"column":8}},{"start":{"line":17,"column":4},"end":{"line":23,"column":6}}]},"1":{"loc":{"start":{"line":25,"column":27},"end":{"line":33,"column":6}},"type":"cond-expr","locations":[{"start":{"line":26,"column":4},"end":{"line":26,"column":8}},{"start":{"line":27,"column":4},"end":{"line":33,"column":6}}]},"2":{"loc":{"start":{"line":35,"column":30},"end":{"line":43,"column":6}},"type":"cond-expr","locations":[{"start":{"line":36,"column":4},"end":{"line":36,"column":8}},{"start":{"line":37,"column":4},"end":{"line":43,"column":6}}]},"3":{"loc":{"start":{"line":45,"column":25},"end":{"line":56,"column":6}},"type":"cond-expr","locations":[{"start":{"line":46,"column":4},"end":{"line":46,"column":8}},{"start":{"line":47,"column":4},"end":{"line":56,"column":6}}]}},"s":{"0":4,"1":153,"2":4,"3":4,"4":4,"5":4,"6":4},"f":{"0":153},"b":{"0":[4,0],"1":[4,0],"2":[4,0],"3":[4,0]}}
,"E:\\IIUC\\6th sem\\mother\\SD2\\src\\middleware\\upload.ts": {"path":"E:\\IIUC\\6th sem\\mother\\SD2\\src\\middleware\\upload.ts","statementMap":{"0":{"start":{"line":4,"column":27},"end":{"line":4,"column":81}},"1":{"start":{"line":5,"column":22},"end":{"line":5,"column":37}},"2":{"start":{"line":7,"column":16},"end":{"line":7,"column":38}},"3":{"start":{"line":9,"column":19},"end":{"line":19,"column":1}},"4":{"start":{"line":14,"column":2},"end":{"line":18,"column":3}},"5":{"start":{"line":15,"column":4},"end":{"line":15,"column":19}},"6":{"start":{"line":17,"column":4},"end":{"line":17,"column":99}},"7":{"start":{"line":21,"column":22},"end":{"line":25,"column":2}}},"fnMap":{"0":{"name":"(anonymous_0)","decl":{"start":{"line":9,"column":19},"end":{"line":9,"column":null}},"loc":{"start":{"line":13,"column":4},"end":{"line":19,"column":1}}}},"branchMap":{"0":{"loc":{"start":{"line":14,"column":2},"end":{"line":18,"column":3}},"type":"if","locations":[{"start":{"line":14,"column":2},"end":{"line":18,"column":3}},{"start":{"line":16,"column":9},"end":{"line":18,"column":3}}]}},"s":{"0":4,"1":4,"2":4,"3":4,"4":0,"5":0,"6":0,"7":4},"f":{"0":0},"b":{"0":[0,0]}}
,"E:\\IIUC\\6th sem\\mother\\SD2\\src\\middleware\\validate.ts": {"path":"E:\\IIUC\\6th sem\\mother\\SD2\\src\\middleware\\validate.ts","statementMap":{"0":{"start":{"line":6,"column":2},"end":{"line":22,"column":4}},"1":{"start":{"line":7,"column":4},"end":{"line":21,"column":5}},"2":{"start":{"line":8,"column":21},"end":{"line":8,"column":46}},"3":{"start":{"line":9,"column":6},"end":{"line":13,"column":7}},"4":{"start":{"line":10,"column":8},"end":{"line":10,"column":70}},"5":{"start":{"line":12,"column":9},"end":{"line":12,"column":69}},"6":{"start":{"line":14,"column":6},"end":{"line":14,"column":13}},"7":{"start":{"line":16,"column":6},"end":{"line":19,"column":7}},"8":{"start":{"line":17,"column":25},"end":{"line":17,"column":94}},"9":{"start":{"line":17,"column":47},"end":{"line":17,"column":82}},"10":{"start":{"line":18,"column":8},"end":{"line":18,"column":62}},"11":{"start":{"line":20,"column":6},"end":{"line":20,"column":16}}},"fnMap":{"0":{"name":"validate","decl":{"start":{"line":5,"column":16},"end":{"line":5,"column":24}},"loc":{"start":{"line":5,"column":88},"end":{"line":23,"column":1}}},"1":{"name":"(anonymous_1)","decl":{"start":{"line":6,"column":9},"end":{"line":6,"column":10}},"loc":{"start":{"line":6,"column":62},"end":{"line":22,"column":3}}},"2":{"name":"(anonymous_2)","decl":{"start":{"line":17,"column":40},"end":{"line":17,"column":41}},"loc":{"start":{"line":17,"column":47},"end":{"line":17,"column":82}}}},"branchMap":{"0":{"loc":{"start":{"line":5,"column":44},"end":{"line":5,"column":88}},"type":"default-arg","locations":[{"start":{"line":5,"column":82},"end":{"line":5,"column":88}}]},"1":{"loc":{"start":{"line":9,"column":6},"end":{"line":13,"column":7}},"type":"if","locations":[{"start":{"line":9,"column":6},"end":{"line":13,"column":7}},{"start":{"line":11,"column":13},"end":{"line":13,"column":7}}]},"2":{"loc":{"start":{"line":9,"column":10},"end":{"line":9,"column":51}},"type":"binary-expr","locations":[{"start":{"line":9,"column":10},"end":{"line":9,"column":28}},{"start":{"line":9,"column":32},"end":{"line":9,"column":51}}]},"3":{"loc":{"start":{"line":16,"column":6},"end":{"line":19,"column":7}},"type":"if","locations":[{"start":{"line":16,"column":6},"end":{"line":19,"column":7}}]}},"s":{"0":68,"1":73,"2":73,"3":67,"4":10,"5":57,"6":67,"7":6,"8":6,"9":16,"10":6,"11":0},"f":{"0":68,"1":73,"2":16},"b":{"0":[52],"1":[10,57],"2":[67,57],"3":[6]}}
,"E:\\IIUC\\6th sem\\mother\\SD2\\src\\modules\\ai\\ai.controller.ts": {"path":"E:\\IIUC\\6th sem\\mother\\SD2\\src\\modules\\ai\\ai.controller.ts","statementMap":{"0":{"start":{"line":7,"column":25},"end":{"line":11,"column":2}},"1":{"start":{"line":8,"column":20},"end":{"line":8,"column":28}},"2":{"start":{"line":9,"column":17},"end":{"line":9,"column":49}},"3":{"start":{"line":10,"column":2},"end":{"line":10,"column":23}},"4":{"start":{"line":13,"column":27},"end":{"line":16,"column":2}},"5":{"start":{"line":14,"column":19},"end":{"line":14,"column":71}},"6":{"start":{"line":15,"column":2},"end":{"line":15,"column":25}}},"fnMap":{"0":{"name":"(anonymous_0)","decl":{"start":{"line":7,"column":38},"end":{"line":7,"column":43}},"loc":{"start":{"line":7,"column":76},"end":{"line":11,"column":1}}},"1":{"name":"(anonymous_1)","decl":{"start":{"line":13,"column":40},"end":{"line":13,"column":45}},"loc":{"start":{"line":13,"column":78},"end":{"line":16,"column":1}}}},"branchMap":{},"s":{"0":4,"1":2,"2":2,"3":2,"4":4,"5":0,"6":0},"f":{"0":2,"1":0},"b":{}}
,"E:\\IIUC\\6th sem\\mother\\SD2\\src\\modules\\ai\\ai.routes.ts": {"path":"E:\\IIUC\\6th sem\\mother\\SD2\\src\\modules\\ai\\ai.routes.ts","statementMap":{"0":{"start":{"line":7,"column":15},"end":{"line":7,"column":23}},"1":{"start":{"line":40,"column":0},"end":{"line":40,"column":88}},"2":{"start":{"line":63,"column":0},"end":{"line":63,"column":60}}},"fnMap":{},"branchMap":{},"s":{"0":4,"1":4,"2":4},"f":{},"b":{}}
,"E:\\IIUC\\6th sem\\mother\\SD2\\src\\modules\\ai\\ai.schema.ts": {"path":"E:\\IIUC\\6th sem\\mother\\SD2\\src\\modules\\ai\\ai.schema.ts","statementMap":{"0":{"start":{"line":3,"column":31},"end":{"line":5,"column":2}}},"fnMap":{},"branchMap":{},"s":{"0":4},"f":{},"b":{}}
,"E:\\IIUC\\6th sem\\mother\\SD2\\src\\modules\\ai\\ai.service.ts": {"path":"E:\\IIUC\\6th sem\\mother\\SD2\\src\\modules\\ai\\ai.service.ts","statementMap":{"0":{"start":{"line":9,"column":14},"end":{"line":9,"column":70}},"1":{"start":{"line":10,"column":14},"end":{"line":10,"column":69}},"2":{"start":{"line":12,"column":23},"end":{"line":14,"column":2}},"3":{"start":{"line":17,"column":2},"end":{"line":28,"column":4}},"4":{"start":{"line":32,"column":21},"end":{"line":32,"column":42}},"5":{"start":{"line":33,"column":18},"end":{"line":33,"column":60}},"6":{"start":{"line":33,"column":35},"end":{"line":33,"column":53}},"7":{"start":{"line":35,"column":2},"end":{"line":47,"column":3}},"8":{"start":{"line":36,"column":19},"end":{"line":38,"column":null}},"9":{"start":{"line":40,"column":17},"end":{"line":40,"column":46}},"10":{"start":{"line":41,"column":20},"end":{"line":41,"column":74}},"11":{"start":{"line":42,"column":4},"end":{"line":42,"column":62}},"12":{"start":{"line":44,"column":4},"end":{"line":44,"column":16}},"13":{"start":{"line":46,"column":4},"end":{"line":46,"column":26}},"14":{"start":{"line":51,"column":16},"end":{"line":51,"column":35}},"15":{"start":{"line":52,"column":21},"end":{"line":52,"column":26}},"16":{"start":{"line":55,"column":4},"end":{"line":59,"column":61}},"17":{"start":{"line":61,"column":2},"end":{"line":64,"column":3}},"18":{"start":{"line":62,"column":4},"end":{"line":62,"column":17}},"19":{"start":{"line":63,"column":4},"end":{"line":63,"column":24}},"20":{"start":{"line":66,"column":16},"end":{"line":72,"column":4}},"21":{"start":{"line":74,"column":2},"end":{"line":76,"column":3}},"22":{"start":{"line":75,"column":4},"end":{"line":75,"column":53}},"23":{"start":{"line":81,"column":2},"end":{"line":96,"column":3}},"24":{"start":{"line":82,"column":4},"end":{"line":90,"column":7}},"25":{"start":{"line":92,"column":4},"end":{"line":92,"column":40}},"26":{"start":{"line":93,"column":4},"end":{"line":93,"column":25}},"27":{"start":{"line":94,"column":4},"end":{"line":94,"column":24}},"28":{"start":{"line":95,"column":4},"end":{"line":95,"column":17}},"29":{"start":{"line":98,"column":2},"end":{"line":103,"column":3}},"30":{"start":{"line":99,"column":4},"end":{"line":99,"column":40}},"31":{"start":{"line":100,"column":4},"end":{"line":100,"column":25}},"32":{"start":{"line":101,"column":4},"end":{"line":101,"column":24}},"33":{"start":{"line":102,"column":4},"end":{"line":102,"column":17}},"34":{"start":{"line":105,"column":2},"end":{"line":105,"column":80}},"35":{"start":{"line":109,"column":18},"end":{"line":109,"column":79}},"36":{"start":{"line":110,"column":2},"end":{"line":110,"column":74}},"37":{"start":{"line":110,"column":16},"end":{"line":110,"column":74}},"38":{"start":{"line":112,"column":21},"end":{"line":112,"column":48}},"39":{"start":{"line":114,"column":2},"end":{"line":131,"column":5}}},"fnMap":{"0":{"name":"clampFilters","decl":{"start":{"line":16,"column":9},"end":{"line":16,"column":21}},"loc":{"start":{"line":16,"column":44},"end":{"line":29,"column":1}}},"1":{"name":"callAI","decl":{"start":{"line":31,"column":15},"end":{"line":31,"column":21}},"loc":{"start":{"line":31,"column":35},"end":{"line":48,"column":1}}},"2":{"name":"(anonymous_2)","decl":{"start":{"line":33,"column":29},"end":{"line":33,"column":32}},"loc":{"start":{"line":33,"column":35},"end":{"line":33,"column":53}}},"3":{"name":"recommend","decl":{"start":{"line":50,"column":22},"end":{"line":50,"column":31}},"loc":{"start":{"line":50,"column":45},"end":{"line":106,"column":1}}},"4":{"name":"findSimilar","decl":{"start":{"line":108,"column":22},"end":{"line":108,"column":33}},"loc":{"start":{"line":108,"column":51},"end":{"line":132,"column":1}}}},"branchMap":{"0":{"loc":{"start":{"line":9,"column":37},"end":{"line":9,"column":69}},"type":"binary-expr","locations":[{"start":{"line":9,"column":37},"end":{"line":9,"column":63}},{"start":{"line":9,"column":67},"end":{"line":9,"column":69}}]},"1":{"loc":{"start":{"line":19,"column":6},"end":{"line":21,"column":19}},"type":"cond-expr","locations":[{"start":{"line":20,"column":10},"end":{"line":20,"column":60}},{"start":{"line":21,"column":10},"end":{"line":21,"column":19}}]},"2":{"loc":{"start":{"line":23,"column":6},"end":{"line":25,"column":19}},"type":"cond-expr","locations":[{"start":{"line":24,"column":10},"end":{"line":24,"column":56}},{"start":{"line":25,"column":10},"end":{"line":25,"column":19}}]},"3":{"loc":{"start":{"line":26,"column":10},"end":{"line":26,"column":56}},"type":"cond-expr","locations":[{"start":{"line":26,"column":25},"end":{"line":26,"column":44}},{"start":{"line":26,"column":47},"end":{"line":26,"column":56}}]},"4":{"loc":{"start":{"line":27,"column":15},"end":{"line":27,"column":77}},"type":"cond-expr","locations":[{"start":{"line":27,"column":35},"end":{"line":27,"column":65}},{"start":{"line":27,"column":68},"end":{"line":27,"column":77}}]},"5":{"loc":{"start":{"line":55,"column":4},"end":{"line":59,"column":61}},"type":"binary-expr","locations":[{"start":{"line":55,"column":4},"end":{"line":55,"column":12}},{"start":{"line":56,"column":5},"end":{"line":56,"column":35}},{"start":{"line":57,"column":6},"end":{"line":57,"column":39}},{"start":{"line":58,"column":6},"end":{"line":58,"column":19}},{"start":{"line":59,"column":7},"end":{"line":59,"column":25}},{"start":{"line":59,"column":29},"end":{"line":59,"column":59}}]},"6":{"loc":{"start":{"line":61,"column":2},"end":{"line":64,"column":3}},"type":"if","locations":[{"start":{"line":61,"column":2},"end":{"line":64,"column":3}}]},"7":{"loc":{"start":{"line":61,"column":6},"end":{"line":61,"column":25}},"type":"binary-expr","locations":[{"start":{"line":61,"column":6},"end":{"line":61,"column":13}},{"start":{"line":61,"column":17},"end":{"line":61,"column":25}}]},"8":{"loc":{"start":{"line":74,"column":2},"end":{"line":76,"column":3}},"type":"if","locations":[{"start":{"line":74,"column":2},"end":{"line":76,"column":3}}]},"9":{"loc":{"start":{"line":74,"column":6},"end":{"line":74,"column":55}},"type":"binary-expr","locations":[{"start":{"line":74,"column":6},"end":{"line":74,"column":23}},{"start":{"line":74,"column":27},"end":{"line":74,"column":55}}]},"10":{"loc":{"start":{"line":98,"column":2},"end":{"line":103,"column":3}},"type":"if","locations":[{"start":{"line":98,"column":2},"end":{"line":103,"column":3}}]},"11":{"loc":{"start":{"line":98,"column":6},"end":{"line":98,"column":41}},"type":"binary-expr","locations":[{"start":{"line":98,"column":6},"end":{"line":98,"column":24}},{"start":{"line":98,"column":28},"end":{"line":98,"column":41}}]},"12":{"loc":{"start":{"line":110,"column":2},"end":{"line":110,"column":74}},"type":"if","locations":[{"start":{"line":110,"column":2},"end":{"line":110,"column":74}}]}},"s":{"0":4,"1":4,"2":4,"3":1,"4":2,"5":2,"6":0,"7":2,"8":2,"9":1,"10":1,"11":1,"12":1,"13":2,"14":2,"15":2,"16":2,"17":2,"18":1,"19":1,"20":2,"21":2,"22":0,"23":2,"24":2,"25":0,"26":0,"27":0,"28":0,"29":2,"30":0,"31":0,"32":0,"33":0,"34":2,"35":0,"36":0,"37":0,"38":0,"39":0},"f":{"0":1,"1":2,"2":0,"3":2,"4":0},"b":{"0":[4,4],"1":[1,0],"2":[1,0],"3":[1,0],"4":[0,1],"5":[2,1,0,0,0,0],"6":[1],"7":[2,1],"8":[0],"9":[2,0],"10":[0],"11":[2,0],"12":[0]}}
,"E:\\IIUC\\6th sem\\mother\\SD2\\src\\modules\\ai\\fallbackSearch.ts": {"path":"E:\\IIUC\\6th sem\\mother\\SD2\\src\\modules\\ai\\fallbackSearch.ts","statementMap":{"0":{"start":{"line":3,"column":23},"end":{"line":5,"column":2}},"1":{"start":{"line":8,"column":16},"end":{"line":8,"column":76}},"2":{"start":{"line":8,"column":63},"end":{"line":8,"column":75}},"3":{"start":{"line":10,"column":21},"end":{"line":10,"column":46}},"4":{"start":{"line":11,"column":19},"end":{"line":13,"column":15}},"5":{"start":{"line":15,"column":19},"end":{"line":15,"column":45}},"6":{"start":{"line":16,"column":19},"end":{"line":16,"column":61}},"7":{"start":{"line":18,"column":41},"end":{"line":18,"column":64}},"8":{"start":{"line":20,"column":2},"end":{"line":28,"column":3}},"9":{"start":{"line":21,"column":4},"end":{"line":27,"column":7}},"10":{"start":{"line":21,"column":39},"end":{"line":27,"column":6}},"11":{"start":{"line":30,"column":2},"end":{"line":30,"column":48}},"12":{"start":{"line":30,"column":16},"end":{"line":30,"column":48}},"13":{"start":{"line":31,"column":2},"end":{"line":31,"column":42}},"14":{"start":{"line":31,"column":16},"end":{"line":31,"column":42}},"15":{"start":{"line":33,"column":2},"end":{"line":38,"column":5}}},"fnMap":{"0":{"name":"fallbackSearch","decl":{"start":{"line":7,"column":22},"end":{"line":7,"column":36}},"loc":{"start":{"line":7,"column":50},"end":{"line":39,"column":1}}},"1":{"name":"(anonymous_1)","decl":{"start":{"line":8,"column":56},"end":{"line":8,"column":57}},"loc":{"start":{"line":8,"column":63},"end":{"line":8,"column":75}}},"2":{"name":"(anonymous_2)","decl":{"start":{"line":21,"column":29},"end":{"line":21,"column":30}},"loc":{"start":{"line":21,"column":39},"end":{"line":27,"column":6}}}},"branchMap":{"0":{"loc":{"start":{"line":11,"column":19},"end":{"line":13,"column":15}},"type":"cond-expr","locations":[{"start":{"line":12,"column":6},"end":{"line":12,"column":62}},{"start":{"line":13,"column":6},"end":{"line":13,"column":15}}]},"1":{"loc":{"start":{"line":12,"column":31},"end":{"line":12,"column":61}},"type":"cond-expr","locations":[{"start":{"line":12,"column":53},"end":{"line":12,"column":57}},{"start":{"line":12,"column":60},"end":{"line":12,"column":61}}]},"2":{"loc":{"start":{"line":16,"column":19},"end":{"line":16,"column":61}},"type":"cond-expr","locations":[{"start":{"line":16,"column":30},"end":{"line":16,"column":49}},{"start":{"line":16,"column":52},"end":{"line":16,"column":61}}]},"3":{"loc":{"start":{"line":20,"column":2},"end":{"line":28,"column":3}},"type":"if","locations":[{"start":{"line":20,"column":2},"end":{"line":28,"column":3}}]},"4":{"loc":{"start":{"line":30,"column":2},"end":{"line":30,"column":48}},"type":"if","locations":[{"start":{"line":30,"column":2},"end":{"line":30,"column":48}}]},"5":{"loc":{"start":{"line":31,"column":2},"end":{"line":31,"column":42}},"type":"if","locations":[{"start":{"line":31,"column":2},"end":{"line":31,"column":42}}]}},"s":{"0":4,"1":0,"2":0,"3":0,"4":0,"5":0,"6":0,"7":0,"8":0,"9":0,"10":0,"11":0,"12":0,"13":0,"14":0,"15":0},"f":{"0":0,"1":0,"2":0},"b":{"0":[0,0],"1":[0,0],"2":[0,0],"3":[0],"4":[0],"5":[0]}}
,"E:\\IIUC\\6th sem\\mother\\SD2\\src\\modules\\ai\\prompts.ts": {"path":"E:\\IIUC\\6th sem\\mother\\SD2\\src\\modules\\ai\\prompts.ts","statementMap":{"0":{"start":{"line":1,"column":38},"end":{"line":18,"column":14}}},"fnMap":{},"branchMap":{},"s":{"0":4},"f":{},"b":{}}
,"E:\\IIUC\\6th sem\\mother\\SD2\\src\\modules\\auth\\auth.controller.ts": {"path":"E:\\IIUC\\6th sem\\mother\\SD2\\src\\modules\\auth\\auth.controller.ts","statementMap":{"0":{"start":{"line":6,"column":20},"end":{"line":6,"column":34}},"1":{"start":{"line":7,"column":23},"end":{"line":13,"column":2}},"2":{"start":{"line":15,"column":24},"end":{"line":19,"column":2}},"3":{"start":{"line":16,"column":39},"end":{"line":16,"column":75}},"4":{"start":{"line":17,"column":2},"end":{"line":17,"column":59}},"5":{"start":{"line":18,"column":2},"end":{"line":18,"column":29}},"6":{"start":{"line":21,"column":21},"end":{"line":26,"column":2}},"7":{"start":{"line":22,"column":30},"end":{"line":22,"column":38}},"8":{"start":{"line":23,"column":39},"end":{"line":23,"column":79}},"9":{"start":{"line":24,"column":2},"end":{"line":24,"column":59}},"10":{"start":{"line":25,"column":2},"end":{"line":25,"column":24}},"11":{"start":{"line":28,"column":23},"end":{"line":37,"column":2}},"12":{"start":{"line":29,"column":19},"end":{"line":29,"column":45}},"13":{"start":{"line":30,"column":2},"end":{"line":33,"column":3}},"14":{"start":{"line":31,"column":4},"end":{"line":31,"column":120}},"15":{"start":{"line":32,"column":4},"end":{"line":32,"column":11}},"16":{"start":{"line":34,"column":39},"end":{"line":34,"column":74}},"17":{"start":{"line":35,"column":2},"end":{"line":35,"column":59}},"18":{"start":{"line":36,"column":2},"end":{"line":36,"column":24}},"19":{"start":{"line":39,"column":22},"end":{"line":46,"column":2}},"20":{"start":{"line":40,"column":19},"end":{"line":40,"column":45}},"21":{"start":{"line":41,"column":2},"end":{"line":43,"column":3}},"22":{"start":{"line":42,"column":4},"end":{"line":42,"column":39}},"23":{"start":{"line":44,"column":2},"end":{"line":44,"column":54}},"24":{"start":{"line":45,"column":2},"end":{"line":45,"column":55}},"25":{"start":{"line":48,"column":30},"end":{"line":51,"column":2}},"26":{"start":{"line":49,"column":17},"end":{"line":49,"column":65}},"27":{"start":{"line":50,"column":2},"end":{"line":50,"column":23}},"28":{"start":{"line":53,"column":29},"end":{"line":56,"column":2}},"29":{"start":{"line":54,"column":17},"end":{"line":54,"column":86}},"30":{"start":{"line":55,"column":2},"end":{"line":55,"column":23}},"31":{"start":{"line":58,"column":21},"end":{"line":61,"column":2}},"32":{"start":{"line":59,"column":15},"end":{"line":59,"column":52}},"33":{"start":{"line":60,"column":2},"end":{"line":60,"column":21}}},"fnMap":{"0":{"name":"(anonymous_0)","decl":{"start":{"line":15,"column":37},"end":{"line":15,"column":42}},"loc":{"start":{"line":15,"column":75},"end":{"line":19,"column":1}}},"1":{"name":"(anonymous_1)","decl":{"start":{"line":21,"column":34},"end":{"line":21,"column":39}},"loc":{"start":{"line":21,"column":72},"end":{"line":26,"column":1}}},"2":{"name":"(anonymous_2)","decl":{"start":{"line":28,"column":36},"end":{"line":28,"column":41}},"loc":{"start":{"line":28,"column":74},"end":{"line":37,"column":1}}},"3":{"name":"(anonymous_3)","decl":{"start":{"line":39,"column":35},"end":{"line":39,"column":40}},"loc":{"start":{"line":39,"column":73},"end":{"line":46,"column":1}}},"4":{"name":"(anonymous_4)","decl":{"start":{"line":48,"column":43},"end":{"line":48,"column":48}},"loc":{"start":{"line":48,"column":81},"end":{"line":51,"column":1}}},"5":{"name":"(anonymous_5)","decl":{"start":{"line":53,"column":42},"end":{"line":53,"column":47}},"loc":{"start":{"line":53,"column":80},"end":{"line":56,"column":1}}},"6":{"name":"(anonymous_6)","decl":{"start":{"line":58,"column":34},"end":{"line":58,"column":39}},"loc":{"start":{"line":58,"column":72},"end":{"line":61,"column":1}}}},"branchMap":{"0":{"loc":{"start":{"line":30,"column":2},"end":{"line":33,"column":3}},"type":"if","locations":[{"start":{"line":30,"column":2},"end":{"line":33,"column":3}}]},"1":{"loc":{"start":{"line":41,"column":2},"end":{"line":43,"column":3}},"type":"if","locations":[{"start":{"line":41,"column":2},"end":{"line":43,"column":3}}]}},"s":{"0":4,"1":4,"2":4,"3":2,"4":1,"5":1,"6":4,"7":35,"8":35,"9":19,"10":19,"11":4,"12":2,"13":2,"14":0,"15":0,"16":2,"17":1,"18":1,"19":4,"20":0,"21":0,"22":0,"23":0,"24":0,"25":4,"26":0,"27":0,"28":4,"29":0,"30":0,"31":4,"32":1,"33":1},"f":{"0":2,"1":35,"2":2,"3":0,"4":0,"5":0,"6":1},"b":{"0":[0],"1":[0]}}
,"E:\\IIUC\\6th sem\\mother\\SD2\\src\\modules\\auth\\auth.routes.ts": {"path":"E:\\IIUC\\6th sem\\mother\\SD2\\src\\modules\\auth\\auth.routes.ts","statementMap":{"0":{"start":{"line":8,"column":15},"end":{"line":8,"column":23}},"1":{"start":{"line":35,"column":0},"end":{"line":35,"column":89}},"2":{"start":{"line":58,"column":0},"end":{"line":58,"column":80}},"3":{"start":{"line":70,"column":0},"end":{"line":70,"column":60}},"4":{"start":{"line":83,"column":0},"end":{"line":83,"column":61}},"5":{"start":{"line":104,"column":0},"end":{"line":104,"column":108}},"6":{"start":{"line":127,"column":0},"end":{"line":127,"column":105}},"7":{"start":{"line":140,"column":0},"end":{"line":140,"column":54}}},"fnMap":{},"branchMap":{},"s":{"0":4,"1":4,"2":4,"3":4,"4":4,"5":4,"6":4,"7":4},"f":{},"b":{}}
,"E:\\IIUC\\6th sem\\mother\\SD2\\src\\modules\\auth\\auth.schema.ts": {"path":"E:\\IIUC\\6th sem\\mother\\SD2\\src\\modules\\auth\\auth.schema.ts","statementMap":{"0":{"start":{"line":3,"column":30},"end":{"line":9,"column":2}},"1":{"start":{"line":11,"column":27},"end":{"line":14,"column":2}},"2":{"start":{"line":16,"column":36},"end":{"line":18,"column":2}},"3":{"start":{"line":20,"column":35},"end":{"line":23,"column":2}}},"fnMap":{},"branchMap":{},"s":{"0":4,"1":4,"2":4,"3":4},"f":{},"b":{}}
,"E:\\IIUC\\6th sem\\mother\\SD2\\src\\modules\\auth\\auth.service.ts": {"path":"E:\\IIUC\\6th sem\\mother\\SD2\\src\\modules\\auth\\auth.service.ts","statementMap":{"0":{"start":{"line":9,"column":28},"end":{"line":9,"column":30}},"1":{"start":{"line":10,"column":27},"end":{"line":10,"column":28}},"2":{"start":{"line":13,"column":2},"end":{"line":13,"column":65}},"3":{"start":{"line":17,"column":14},"end":{"line":17,"column":32}},"4":{"start":{"line":18,"column":17},"end":{"line":18,"column":31}},"5":{"start":{"line":19,"column":20},"end":{"line":19,"column":83}},"6":{"start":{"line":20,"column":2},"end":{"line":22,"column":5}},"7":{"start":{"line":23,"column":2},"end":{"line":23,"column":13}},"8":{"start":{"line":27,"column":15},"end":{"line":27,"column":77}},"9":{"start":{"line":28,"column":22},"end":{"line":28,"column":79}},"10":{"start":{"line":29,"column":26},"end":{"line":29,"column":65}},"11":{"start":{"line":30,"column":2},"end":{"line":36,"column":4}},"12":{"start":{"line":46,"column":19},"end":{"line":46,"column":81}},"13":{"start":{"line":47,"column":2},"end":{"line":49,"column":3}},"14":{"start":{"line":48,"column":4},"end":{"line":48,"column":74}},"15":{"start":{"line":50,"column":23},"end":{"line":50,"column":56}},"16":{"start":{"line":51,"column":14},"end":{"line":51,"column":32}},"17":{"start":{"line":52,"column":17},"end":{"line":52,"column":31}},"18":{"start":{"line":53,"column":20},"end":{"line":53,"column":83}},"19":{"start":{"line":55,"column":15},"end":{"line":69,"column":4}},"20":{"start":{"line":56,"column":14},"end":{"line":64,"column":6}},"21":{"start":{"line":65,"column":4},"end":{"line":67,"column":7}},"22":{"start":{"line":68,"column":4},"end":{"line":68,"column":13}},"23":{"start":{"line":71,"column":22},"end":{"line":71,"column":79}},"24":{"start":{"line":72,"column":2},"end":{"line":78,"column":4}},"25":{"start":{"line":82,"column":15},"end":{"line":82,"column":65}},"26":{"start":{"line":83,"column":2},"end":{"line":85,"column":3}},"27":{"start":{"line":84,"column":4},"end":{"line":84,"column":80}},"28":{"start":{"line":86,"column":16},"end":{"line":86,"column":66}},"29":{"start":{"line":87,"column":2},"end":{"line":89,"column":3}},"30":{"start":{"line":88,"column":4},"end":{"line":88,"column":80}},"31":{"start":{"line":90,"column":2},"end":{"line":90,"column":35}},"32":{"start":{"line":94,"column":17},"end":{"line":94,"column":36}},"33":{"start":{"line":95,"column":17},"end":{"line":98,"column":4}},"34":{"start":{"line":99,"column":2},"end":{"line":101,"column":3}},"35":{"start":{"line":100,"column":4},"end":{"line":100,"column":81}},"36":{"start":{"line":102,"column":2},"end":{"line":104,"column":3}},"37":{"start":{"line":103,"column":4},"end":{"line":103,"column":82}},"38":{"start":{"line":105,"column":2},"end":{"line":105,"column":90}},"39":{"start":{"line":106,"column":2},"end":{"line":106,"column":42}},"40":{"start":{"line":110,"column":17},"end":{"line":110,"column":36}},"41":{"start":{"line":111,"column":2},"end":{"line":114,"column":5}},"42":{"start":{"line":117,"column":26},"end":{"line":117,"column":28}},"43":{"start":{"line":118,"column":28},"end":{"line":118,"column":30}},"44":{"start":{"line":121,"column":15},"end":{"line":121,"column":65}},"45":{"start":{"line":123,"column":18},"end":{"line":123,"column":75}},"46":{"start":{"line":125,"column":2},"end":{"line":127,"column":3}},"47":{"start":{"line":126,"column":4},"end":{"line":126,"column":23}},"48":{"start":{"line":129,"column":14},"end":{"line":129,"column":67}},"49":{"start":{"line":130,"column":17},"end":{"line":130,"column":31}},"50":{"start":{"line":131,"column":20},"end":{"line":131,"column":74}},"51":{"start":{"line":133,"column":2},"end":{"line":135,"column":5}},"52":{"start":{"line":137,"column":20},"end":{"line":137,"column":75}},"53":{"start":{"line":138,"column":2},"end":{"line":138,"column":70}},"54":{"start":{"line":140,"column":2},"end":{"line":140,"column":21}},"55":{"start":{"line":144,"column":17},"end":{"line":144,"column":33}},"56":{"start":{"line":145,"column":17},"end":{"line":147,"column":4}},"57":{"start":{"line":149,"column":2},"end":{"line":151,"column":3}},"58":{"start":{"line":150,"column":4},"end":{"line":150,"column":88}},"59":{"start":{"line":153,"column":23},"end":{"line":153,"column":54}},"60":{"start":{"line":155,"column":2},"end":{"line":164,"column":5}},"61":{"start":{"line":166,"column":2},"end":{"line":166,"column":61}},"62":{"start":{"line":170,"column":15},"end":{"line":170,"column":77}},"63":{"start":{"line":171,"column":2},"end":{"line":179,"column":4}}},"fnMap":{"0":{"name":"generateRawToken","decl":{"start":{"line":12,"column":9},"end":{"line":12,"column":25}},"loc":{"start":{"line":12,"column":25},"end":{"line":14,"column":1}}},"1":{"name":"createRefreshTokenRecord","decl":{"start":{"line":16,"column":15},"end":{"line":16,"column":39}},"loc":{"start":{"line":16,"column":54},"end":{"line":24,"column":1}}},"2":{"name":"buildAuthPayload","decl":{"start":{"line":26,"column":15},"end":{"line":26,"column":31}},"loc":{"start":{"line":26,"column":46},"end":{"line":37,"column":1}}},"3":{"name":"register","decl":{"start":{"line":39,"column":22},"end":{"line":39,"column":30}},"loc":{"start":{"line":45,"column":1},"end":{"line":79,"column":1}}},"4":{"name":"(anonymous_4)","decl":{"start":{"line":55,"column":41},"end":{"line":55,"column":46}},"loc":{"start":{"line":55,"column":54},"end":{"line":69,"column":3}}},"5":{"name":"login","decl":{"start":{"line":81,"column":22},"end":{"line":81,"column":27}},"loc":{"start":{"line":81,"column":59},"end":{"line":91,"column":1}}},"6":{"name":"refresh","decl":{"start":{"line":93,"column":22},"end":{"line":93,"column":29}},"loc":{"start":{"line":93,"column":46},"end":{"line":107,"column":1}}},"7":{"name":"logout","decl":{"start":{"line":109,"column":22},"end":{"line":109,"column":28}},"loc":{"start":{"line":109,"column":45},"end":{"line":115,"column":1}}},"8":{"name":"forgotPassword","decl":{"start":{"line":120,"column":22},"end":{"line":120,"column":36}},"loc":{"start":{"line":120,"column":50},"end":{"line":141,"column":1}}},"9":{"name":"resetPassword","decl":{"start":{"line":143,"column":22},"end":{"line":143,"column":35}},"loc":{"start":{"line":143,"column":70},"end":{"line":167,"column":1}}},"10":{"name":"getMe","decl":{"start":{"line":169,"column":22},"end":{"line":169,"column":27}},"loc":{"start":{"line":169,"column":42},"end":{"line":180,"column":1}}}},"branchMap":{"0":{"loc":{"start":{"line":47,"column":2},"end":{"line":49,"column":3}},"type":"if","locations":[{"start":{"line":47,"column":2},"end":{"line":49,"column":3}}]},"1":{"loc":{"start":{"line":83,"column":2},"end":{"line":85,"column":3}},"type":"if","locations":[{"start":{"line":83,"column":2},"end":{"line":85,"column":3}}]},"2":{"loc":{"start":{"line":87,"column":2},"end":{"line":89,"column":3}},"type":"if","locations":[{"start":{"line":87,"column":2},"end":{"line":89,"column":3}}]},"3":{"loc":{"start":{"line":99,"column":2},"end":{"line":101,"column":3}},"type":"if","locations":[{"start":{"line":99,"column":2},"end":{"line":101,"column":3}}]},"4":{"loc":{"start":{"line":102,"column":2},"end":{"line":104,"column":3}},"type":"if","locations":[{"start":{"line":102,"column":2},"end":{"line":104,"column":3}}]},"5":{"loc":{"start":{"line":125,"column":2},"end":{"line":127,"column":3}},"type":"if","locations":[{"start":{"line":125,"column":2},"end":{"line":127,"column":3}}]},"6":{"loc":{"start":{"line":149,"column":2},"end":{"line":151,"column":3}},"type":"if","locations":[{"start":{"line":149,"column":2},"end":{"line":151,"column":3}}]}},"s":{"0":4,"1":4,"2":21,"3":20,"4":20,"5":20,"6":20,"7":20,"8":20,"9":20,"10":20,"11":20,"12":2,"13":2,"14":1,"15":1,"16":1,"17":1,"18":1,"19":1,"20":1,"21":1,"22":1,"23":1,"24":1,"25":35,"26":35,"27":15,"28":20,"29":20,"30":1,"31":19,"32":2,"33":2,"34":2,"35":1,"36":1,"37":0,"38":1,"39":1,"40":0,"41":0,"42":4,"43":4,"44":0,"45":0,"46":0,"47":0,"48":0,"49":0,"50":0,"51":0,"52":0,"53":0,"54":0,"55":0,"56":0,"57":0,"58":0,"59":0,"60":0,"61":0,"62":1,"63":1},"f":{"0":21,"1":20,"2":20,"3":2,"4":1,"5":35,"6":2,"7":0,"8":0,"9":0,"10":1},"b":{"0":[1],"1":[15],"2":[1],"3":[1],"4":[0],"5":[0],"6":[0]}}
,"E:\\IIUC\\6th sem\\mother\\SD2\\src\\modules\\favorites\\favorite.controller.ts": {"path":"E:\\IIUC\\6th sem\\mother\\SD2\\src\\modules\\favorites\\favorite.controller.ts","statementMap":{"0":{"start":{"line":7,"column":22},"end":{"line":11,"column":2}},"1":{"start":{"line":8,"column":24},"end":{"line":8,"column":32}},"2":{"start":{"line":9,"column":19},"end":{"line":9,"column":72}},"3":{"start":{"line":10,"column":2},"end":{"line":10,"column":30}},"4":{"start":{"line":13,"column":23},"end":{"line":18,"column":2}},"5":{"start":{"line":14,"column":15},"end":{"line":14,"column":42}},"6":{"start":{"line":15,"column":16},"end":{"line":15,"column":60}},"7":{"start":{"line":16,"column":17},"end":{"line":16,"column":73}},"8":{"start":{"line":17,"column":2},"end":{"line":17,"column":23}},"9":{"start":{"line":20,"column":22},"end":{"line":23,"column":2}},"10":{"start":{"line":21,"column":2},"end":{"line":21,"column":63}},"11":{"start":{"line":22,"column":2},"end":{"line":22,"column":61}}},"fnMap":{"0":{"name":"(anonymous_0)","decl":{"start":{"line":7,"column":35},"end":{"line":7,"column":40}},"loc":{"start":{"line":7,"column":73},"end":{"line":11,"column":1}}},"1":{"name":"(anonymous_1)","decl":{"start":{"line":13,"column":36},"end":{"line":13,"column":41}},"loc":{"start":{"line":13,"column":74},"end":{"line":18,"column":1}}},"2":{"name":"(anonymous_2)","decl":{"start":{"line":20,"column":35},"end":{"line":20,"column":40}},"loc":{"start":{"line":20,"column":73},"end":{"line":23,"column":1}}}},"branchMap":{"0":{"loc":{"start":{"line":14,"column":15},"end":{"line":14,"column":42}},"type":"binary-expr","locations":[{"start":{"line":14,"column":15},"end":{"line":14,"column":37}},{"start":{"line":14,"column":41},"end":{"line":14,"column":42}}]},"1":{"loc":{"start":{"line":15,"column":25},"end":{"line":15,"column":54}},"type":"binary-expr","locations":[{"start":{"line":15,"column":25},"end":{"line":15,"column":48}},{"start":{"line":15,"column":52},"end":{"line":15,"column":54}}]}},"s":{"0":4,"1":3,"2":3,"3":1,"4":4,"5":1,"6":1,"7":1,"8":1,"9":4,"10":1,"11":1},"f":{"0":3,"1":1,"2":1},"b":{"0":[1,1],"1":[1,1]}}
,"E:\\IIUC\\6th sem\\mother\\SD2\\src\\modules\\favorites\\favorite.routes.ts": {"path":"E:\\IIUC\\6th sem\\mother\\SD2\\src\\modules\\favorites\\favorite.routes.ts","statementMap":{"0":{"start":{"line":7,"column":15},"end":{"line":7,"column":23}},"1":{"start":{"line":30,"column":0},"end":{"line":30,"column":111}},"2":{"start":{"line":58,"column":0},"end":{"line":58,"column":119}},"3":{"start":{"line":77,"column":0},"end":{"line":77,"column":84}}},"fnMap":{},"branchMap":{},"s":{"0":4,"1":4,"2":4,"3":4},"f":{},"b":{}}
,"E:\\IIUC\\6th sem\\mother\\SD2\\src\\modules\\favorites\\favorite.schema.ts": {"path":"E:\\IIUC\\6th sem\\mother\\SD2\\src\\modules\\favorites\\favorite.schema.ts","statementMap":{"0":{"start":{"line":3,"column":36},"end":{"line":5,"column":2}},"1":{"start":{"line":7,"column":35},"end":{"line":10,"column":2}}},"fnMap":{},"branchMap":{},"s":{"0":4,"1":4},"f":{},"b":{}}
,"E:\\IIUC\\6th sem\\mother\\SD2\\src\\modules\\favorites\\favorite.service.ts": {"path":"E:\\IIUC\\6th sem\\mother\\SD2\\src\\modules\\favorites\\favorite.service.ts","statementMap":{"0":{"start":{"line":4,"column":24},"end":{"line":12,"column":2}},"1":{"start":{"line":15,"column":18},"end":{"line":15,"column":79}},"2":{"start":{"line":16,"column":2},"end":{"line":16,"column":74}},"3":{"start":{"line":16,"column":16},"end":{"line":16,"column":74}},"4":{"start":{"line":18,"column":2},"end":{"line":28,"column":3}},"5":{"start":{"line":19,"column":4},"end":{"line":22,"column":7}},"6":{"start":{"line":24,"column":4},"end":{"line":26,"column":5}},"7":{"start":{"line":25,"column":6},"end":{"line":25,"column":91}},"8":{"start":{"line":27,"column":4},"end":{"line":27,"column":14}},"9":{"start":{"line":32,"column":16},"end":{"line":32,"column":26}},"10":{"start":{"line":34,"column":25},"end":{"line":43,"column":4}},"11":{"start":{"line":45,"column":2},"end":{"line":51,"column":4}},"12":{"start":{"line":55,"column":19},"end":{"line":55,"column":70}},"13":{"start":{"line":56,"column":2},"end":{"line":56,"column":76}},"14":{"start":{"line":56,"column":17},"end":{"line":56,"column":76}},"15":{"start":{"line":57,"column":2},"end":{"line":59,"column":3}},"16":{"start":{"line":58,"column":4},"end":{"line":58,"column":83}},"17":{"start":{"line":60,"column":2},"end":{"line":60,"column":50}}},"fnMap":{"0":{"name":"create","decl":{"start":{"line":14,"column":22},"end":{"line":14,"column":28}},"loc":{"start":{"line":14,"column":62},"end":{"line":29,"column":1}}},"1":{"name":"findAll","decl":{"start":{"line":31,"column":22},"end":{"line":31,"column":29}},"loc":{"start":{"line":31,"column":73},"end":{"line":52,"column":1}}},"2":{"name":"remove","decl":{"start":{"line":54,"column":22},"end":{"line":54,"column":28}},"loc":{"start":{"line":54,"column":55},"end":{"line":61,"column":1}}}},"branchMap":{"0":{"loc":{"start":{"line":16,"column":2},"end":{"line":16,"column":74}},"type":"if","locations":[{"start":{"line":16,"column":2},"end":{"line":16,"column":74}}]},"1":{"loc":{"start":{"line":24,"column":4},"end":{"line":26,"column":5}},"type":"if","locations":[{"start":{"line":24,"column":4},"end":{"line":26,"column":5}}]},"2":{"loc":{"start":{"line":24,"column":8},"end":{"line":24,"column":91}},"type":"binary-expr","locations":[{"start":{"line":24,"column":8},"end":{"line":24,"column":28}},{"start":{"line":24,"column":32},"end":{"line":24,"column":45}},{"start":{"line":24,"column":50},"end":{"line":24,"column":91}}]},"3":{"loc":{"start":{"line":56,"column":2},"end":{"line":56,"column":76}},"type":"if","locations":[{"start":{"line":56,"column":2},"end":{"line":56,"column":76}}]},"4":{"loc":{"start":{"line":57,"column":2},"end":{"line":59,"column":3}},"type":"if","locations":[{"start":{"line":57,"column":2},"end":{"line":59,"column":3}}]}},"s":{"0":4,"1":3,"2":3,"3":1,"4":2,"5":2,"6":1,"7":1,"8":0,"9":1,"10":1,"11":1,"12":1,"13":1,"14":0,"15":1,"16":0,"17":1},"f":{"0":3,"1":1,"2":1},"b":{"0":[1],"1":[1],"2":[1,1,1],"3":[0],"4":[0]}}
,"E:\\IIUC\\6th sem\\mother\\SD2\\src\\modules\\inquiries\\inquiry.controller.ts": {"path":"E:\\IIUC\\6th sem\\mother\\SD2\\src\\modules\\inquiries\\inquiry.controller.ts","statementMap":{"0":{"start":{"line":7,"column":22},"end":{"line":11,"column":2}},"1":{"start":{"line":8,"column":33},"end":{"line":8,"column":41}},"2":{"start":{"line":9,"column":18},"end":{"line":9,"column":79}},"3":{"start":{"line":10,"column":2},"end":{"line":10,"column":29}},"4":{"start":{"line":13,"column":24},"end":{"line":18,"column":2}},"5":{"start":{"line":14,"column":15},"end":{"line":14,"column":42}},"6":{"start":{"line":15,"column":16},"end":{"line":15,"column":60}},"7":{"start":{"line":16,"column":17},"end":{"line":16,"column":73}},"8":{"start":{"line":17,"column":2},"end":{"line":17,"column":23}},"9":{"start":{"line":20,"column":28},"end":{"line":25,"column":2}},"10":{"start":{"line":21,"column":15},"end":{"line":21,"column":42}},"11":{"start":{"line":22,"column":16},"end":{"line":22,"column":60}},"12":{"start":{"line":23,"column":17},"end":{"line":23,"column":77}},"13":{"start":{"line":24,"column":2},"end":{"line":24,"column":23}},"14":{"start":{"line":27,"column":28},"end":{"line":30,"column":2}},"15":{"start":{"line":28,"column":18},"end":{"line":28,"column":100}},"16":{"start":{"line":29,"column":2},"end":{"line":29,"column":24}}},"fnMap":{"0":{"name":"(anonymous_0)","decl":{"start":{"line":7,"column":35},"end":{"line":7,"column":40}},"loc":{"start":{"line":7,"column":73},"end":{"line":11,"column":1}}},"1":{"name":"(anonymous_1)","decl":{"start":{"line":13,"column":37},"end":{"line":13,"column":42}},"loc":{"start":{"line":13,"column":75},"end":{"line":18,"column":1}}},"2":{"name":"(anonymous_2)","decl":{"start":{"line":20,"column":41},"end":{"line":20,"column":46}},"loc":{"start":{"line":20,"column":79},"end":{"line":25,"column":1}}},"3":{"name":"(anonymous_3)","decl":{"start":{"line":27,"column":41},"end":{"line":27,"column":46}},"loc":{"start":{"line":27,"column":79},"end":{"line":30,"column":1}}}},"branchMap":{"0":{"loc":{"start":{"line":14,"column":15},"end":{"line":14,"column":42}},"type":"binary-expr","locations":[{"start":{"line":14,"column":15},"end":{"line":14,"column":37}},{"start":{"line":14,"column":41},"end":{"line":14,"column":42}}]},"1":{"loc":{"start":{"line":15,"column":25},"end":{"line":15,"column":54}},"type":"binary-expr","locations":[{"start":{"line":15,"column":25},"end":{"line":15,"column":48}},{"start":{"line":15,"column":52},"end":{"line":15,"column":54}}]},"2":{"loc":{"start":{"line":21,"column":15},"end":{"line":21,"column":42}},"type":"binary-expr","locations":[{"start":{"line":21,"column":15},"end":{"line":21,"column":37}},{"start":{"line":21,"column":41},"end":{"line":21,"column":42}}]},"3":{"loc":{"start":{"line":22,"column":25},"end":{"line":22,"column":54}},"type":"binary-expr","locations":[{"start":{"line":22,"column":25},"end":{"line":22,"column":48}},{"start":{"line":22,"column":52},"end":{"line":22,"column":54}}]}},"s":{"0":4,"1":7,"2":7,"3":5,"4":4,"5":1,"6":1,"7":1,"8":1,"9":4,"10":1,"11":1,"12":1,"13":1,"14":4,"15":1,"16":1},"f":{"0":7,"1":1,"2":1,"3":1},"b":{"0":[1,1],"1":[1,1],"2":[1,1],"3":[1,1]}}
,"E:\\IIUC\\6th sem\\mother\\SD2\\src\\modules\\inquiries\\inquiry.routes.ts": {"path":"E:\\IIUC\\6th sem\\mother\\SD2\\src\\modules\\inquiries\\inquiry.routes.ts","statementMap":{"0":{"start":{"line":8,"column":15},"end":{"line":8,"column":23}},"1":{"start":{"line":33,"column":0},"end":{"line":33,"column":125}},"2":{"start":{"line":61,"column":0},"end":{"line":61,"column":122}},"3":{"start":{"line":89,"column":0},"end":{"line":89,"column":132}},"4":{"start":{"line":117,"column":0},"end":{"line":117,"column":127}}},"fnMap":{},"branchMap":{},"s":{"0":4,"1":4,"2":4,"3":4,"4":4},"f":{},"b":{}}
,"E:\\IIUC\\6th sem\\mother\\SD2\\src\\modules\\inquiries\\inquiry.schema.ts": {"path":"E:\\IIUC\\6th sem\\mother\\SD2\\src\\modules\\inquiries\\inquiry.schema.ts","statementMap":{"0":{"start":{"line":3,"column":35},"end":{"line":6,"column":2}},"1":{"start":{"line":8,"column":34},"end":{"line":11,"column":2}},"2":{"start":{"line":13,"column":34},"end":{"line":15,"column":2}}},"fnMap":{},"branchMap":{},"s":{"0":4,"1":4,"2":4},"f":{},"b":{}}
,"E:\\IIUC\\6th sem\\mother\\SD2\\src\\modules\\inquiries\\inquiry.service.ts": {"path":"E:\\IIUC\\6th sem\\mother\\SD2\\src\\modules\\inquiries\\inquiry.service.ts","statementMap":{"0":{"start":{"line":4,"column":20},"end":{"line":4,"column":21}},"1":{"start":{"line":6,"column":23},"end":{"line":13,"column":2}},"2":{"start":{"line":16,"column":18},"end":{"line":19,"column":4}},"3":{"start":{"line":20,"column":2},"end":{"line":20,"column":74}},"4":{"start":{"line":20,"column":16},"end":{"line":20,"column":74}},"5":{"start":{"line":22,"column":16},"end":{"line":22,"column":26}},"6":{"start":{"line":23,"column":2},"end":{"line":23,"column":29}},"7":{"start":{"line":25,"column":16},"end":{"line":30,"column":4}},"8":{"start":{"line":32,"column":2},"end":{"line":34,"column":3}},"9":{"start":{"line":33,"column":4},"end":{"line":33,"column":99}},"10":{"start":{"line":36,"column":2},"end":{"line":39,"column":5}},"11":{"start":{"line":43,"column":16},"end":{"line":43,"column":28}},"12":{"start":{"line":45,"column":25},"end":{"line":54,"column":4}},"13":{"start":{"line":56,"column":2},"end":{"line":56,"column":77}},"14":{"start":{"line":60,"column":16},"end":{"line":62,"column":4}},"15":{"start":{"line":64,"column":25},"end":{"line":78,"column":4}},"16":{"start":{"line":80,"column":2},"end":{"line":80,"column":77}},"17":{"start":{"line":84,"column":18},"end":{"line":87,"column":4}},"18":{"start":{"line":88,"column":2},"end":{"line":88,"column":74}},"19":{"start":{"line":88,"column":16},"end":{"line":88,"column":74}},"20":{"start":{"line":89,"column":2},"end":{"line":91,"column":3}},"21":{"start":{"line":90,"column":4},"end":{"line":90,"column":95}},"22":{"start":{"line":93,"column":2},"end":{"line":97,"column":5}}},"fnMap":{"0":{"name":"create","decl":{"start":{"line":15,"column":22},"end":{"line":15,"column":28}},"loc":{"start":{"line":15,"column":81},"end":{"line":40,"column":1}}},"1":{"name":"findSent","decl":{"start":{"line":42,"column":22},"end":{"line":42,"column":30}},"loc":{"start":{"line":42,"column":76},"end":{"line":57,"column":1}}},"2":{"name":"findReceived","decl":{"start":{"line":59,"column":22},"end":{"line":59,"column":34}},"loc":{"start":{"line":59,"column":82},"end":{"line":81,"column":1}}},"3":{"name":"updateStatus","decl":{"start":{"line":83,"column":22},"end":{"line":83,"column":34}},"loc":{"start":{"line":83,"column":116},"end":{"line":98,"column":1}}}},"branchMap":{"0":{"loc":{"start":{"line":20,"column":2},"end":{"line":20,"column":74}},"type":"if","locations":[{"start":{"line":20,"column":2},"end":{"line":20,"column":74}}]},"1":{"loc":{"start":{"line":32,"column":2},"end":{"line":34,"column":3}},"type":"if","locations":[{"start":{"line":32,"column":2},"end":{"line":34,"column":3}}]},"2":{"loc":{"start":{"line":88,"column":2},"end":{"line":88,"column":74}},"type":"if","locations":[{"start":{"line":88,"column":2},"end":{"line":88,"column":74}}]},"3":{"loc":{"start":{"line":89,"column":2},"end":{"line":91,"column":3}},"type":"if","locations":[{"start":{"line":89,"column":2},"end":{"line":91,"column":3}}]}},"s":{"0":4,"1":4,"2":7,"3":7,"4":1,"5":6,"6":6,"7":6,"8":6,"9":1,"10":5,"11":1,"12":1,"13":1,"14":1,"15":1,"16":1,"17":1,"18":1,"19":0,"20":1,"21":0,"22":1},"f":{"0":7,"1":1,"2":1,"3":1},"b":{"0":[1],"1":[1],"2":[0],"3":[0]}}
,"E:\\IIUC\\6th sem\\mother\\SD2\\src\\modules\\listingImages\\image.controller.ts": {"path":"E:\\IIUC\\6th sem\\mother\\SD2\\src\\modules\\listingImages\\image.controller.ts","statementMap":{"0":{"start":{"line":8,"column":22},"end":{"line":14,"column":2}},"1":{"start":{"line":9,"column":2},"end":{"line":11,"column":3}},"2":{"start":{"line":10,"column":4},"end":{"line":10,"column":65}},"3":{"start":{"line":12,"column":16},"end":{"line":12,"column":69}},"4":{"start":{"line":13,"column":2},"end":{"line":13,"column":27}},"5":{"start":{"line":16,"column":22},"end":{"line":19,"column":2}},"6":{"start":{"line":17,"column":2},"end":{"line":17,"column":69}},"7":{"start":{"line":18,"column":2},"end":{"line":18,"column":58}}},"fnMap":{"0":{"name":"(anonymous_0)","decl":{"start":{"line":8,"column":35},"end":{"line":8,"column":40}},"loc":{"start":{"line":8,"column":73},"end":{"line":14,"column":1}}},"1":{"name":"(anonymous_1)","decl":{"start":{"line":16,"column":35},"end":{"line":16,"column":40}},"loc":{"start":{"line":16,"column":73},"end":{"line":19,"column":1}}}},"branchMap":{"0":{"loc":{"start":{"line":9,"column":2},"end":{"line":11,"column":3}},"type":"if","locations":[{"start":{"line":9,"column":2},"end":{"line":11,"column":3}}]}},"s":{"0":4,"1":0,"2":0,"3":0,"4":0,"5":4,"6":0,"7":0},"f":{"0":0,"1":0},"b":{"0":[0]}}
,"E:\\IIUC\\6th sem\\mother\\SD2\\src\\modules\\listingImages\\image.routes.ts": {"path":"E:\\IIUC\\6th sem\\mother\\SD2\\src\\modules\\listingImages\\image.routes.ts","statementMap":{"0":{"start":{"line":7,"column":15},"end":{"line":7,"column":23}},"1":{"start":{"line":35,"column":0},"end":{"line":35,"column":131}},"2":{"start":{"line":58,"column":0},"end":{"line":58,"column":108}}},"fnMap":{},"branchMap":{},"s":{"0":4,"1":4,"2":4},"f":{},"b":{}}
,"E:\\IIUC\\6th sem\\mother\\SD2\\src\\modules\\listingImages\\image.service.ts": {"path":"E:\\IIUC\\6th sem\\mother\\SD2\\src\\modules\\listingImages\\image.service.ts","statementMap":{"0":{"start":{"line":7,"column":18},"end":{"line":10,"column":4}},"1":{"start":{"line":11,"column":2},"end":{"line":11,"column":74}},"2":{"start":{"line":11,"column":16},"end":{"line":11,"column":74}},"3":{"start":{"line":13,"column":17},"end":{"line":29,"column":null}},"4":{"start":{"line":15,"column":27},"end":{"line":26,"column":null}},"5":{"start":{"line":21,"column":10},"end":{"line":25,"column":11}},"6":{"start":{"line":22,"column":12},"end":{"line":22,"column":81}},"7":{"start":{"line":24,"column":12},"end":{"line":24,"column":84}},"8":{"start":{"line":28,"column":6},"end":{"line":28,"column":52}},"9":{"start":{"line":32,"column":16},"end":{"line":32,"column":73}},"10":{"start":{"line":34,"column":2},"end":{"line":41,"column":5}},"11":{"start":{"line":45,"column":16},"end":{"line":48,"column":4}},"12":{"start":{"line":49,"column":2},"end":{"line":49,"column":70}},"13":{"start":{"line":49,"column":14},"end":{"line":49,"column":70}},"14":{"start":{"line":51,"column":19},"end":{"line":51,"column":70}},"15":{"start":{"line":52,"column":2},"end":{"line":54,"column":3}},"16":{"start":{"line":53,"column":4},"end":{"line":53,"column":69}},"17":{"start":{"line":56,"column":2},"end":{"line":56,"column":63}}},"fnMap":{"0":{"name":"upload","decl":{"start":{"line":6,"column":22},"end":{"line":6,"column":28}},"loc":{"start":{"line":6,"column":73},"end":{"line":42,"column":1}}},"1":{"name":"(anonymous_1)","decl":{"start":{"line":14,"column":4},"end":{"line":14,"column":5}},"loc":{"start":{"line":14,"column":24},"end":{"line":29,"column":5}}},"2":{"name":"(anonymous_2)","decl":{"start":{"line":20,"column":8},"end":{"line":20,"column":9}},"loc":{"start":{"line":20,"column":26},"end":{"line":26,"column":9}}},"3":{"name":"remove","decl":{"start":{"line":44,"column":22},"end":{"line":44,"column":28}},"loc":{"start":{"line":44,"column":63},"end":{"line":57,"column":1}}}},"branchMap":{"0":{"loc":{"start":{"line":11,"column":2},"end":{"line":11,"column":74}},"type":"if","locations":[{"start":{"line":11,"column":2},"end":{"line":11,"column":74}}]},"1":{"loc":{"start":{"line":21,"column":10},"end":{"line":25,"column":11}},"type":"if","locations":[{"start":{"line":21,"column":10},"end":{"line":25,"column":11}},{"start":{"line":23,"column":17},"end":{"line":25,"column":11}}]},"2":{"loc":{"start":{"line":21,"column":14},"end":{"line":21,"column":30}},"type":"binary-expr","locations":[{"start":{"line":21,"column":14},"end":{"line":21,"column":19}},{"start":{"line":21,"column":23},"end":{"line":21,"column":30}}]},"3":{"loc":{"start":{"line":49,"column":2},"end":{"line":49,"column":70}},"type":"if","locations":[{"start":{"line":49,"column":2},"end":{"line":49,"column":70}}]},"4":{"loc":{"start":{"line":52,"column":2},"end":{"line":54,"column":3}},"type":"if","locations":[{"start":{"line":52,"column":2},"end":{"line":54,"column":3}}]}},"s":{"0":0,"1":0,"2":0,"3":0,"4":0,"5":0,"6":0,"7":0,"8":0,"9":0,"10":0,"11":0,"12":0,"13":0,"14":0,"15":0,"16":0,"17":0},"f":{"0":0,"1":0,"2":0,"3":0},"b":{"0":[0],"1":[0,0],"2":[0,0],"3":[0],"4":[0]}}
,"E:\\IIUC\\6th sem\\mother\\SD2\\src\\modules\\listings\\listing.controller.ts": {"path":"E:\\IIUC\\6th sem\\mother\\SD2\\src\\modules\\listings\\listing.controller.ts","statementMap":{"0":{"start":{"line":7,"column":22},"end":{"line":10,"column":2}},"1":{"start":{"line":8,"column":18},"end":{"line":8,"column":69}},"2":{"start":{"line":9,"column":2},"end":{"line":9,"column":29}},"3":{"start":{"line":12,"column":23},"end":{"line":29,"column":2}},"4":{"start":{"line":13,"column":93},"end":{"line":13,"column":140}},"5":{"start":{"line":15,"column":17},"end":{"line":26,"column":4}},"6":{"start":{"line":28,"column":2},"end":{"line":28,"column":23}},"7":{"start":{"line":31,"column":24},"end":{"line":34,"column":2}},"8":{"start":{"line":32,"column":18},"end":{"line":32,"column":65}},"9":{"start":{"line":33,"column":2},"end":{"line":33,"column":24}},"10":{"start":{"line":36,"column":22},"end":{"line":39,"column":2}},"11":{"start":{"line":37,"column":18},"end":{"line":37,"column":87}},"12":{"start":{"line":38,"column":2},"end":{"line":38,"column":24}},"13":{"start":{"line":41,"column":22},"end":{"line":44,"column":2}},"14":{"start":{"line":42,"column":2},"end":{"line":42,"column":62}},"15":{"start":{"line":43,"column":2},"end":{"line":43,"column":60}},"16":{"start":{"line":46,"column":28},"end":{"line":49,"column":2}},"17":{"start":{"line":47,"column":18},"end":{"line":47,"column":100}},"18":{"start":{"line":48,"column":2},"end":{"line":48,"column":24}},"19":{"start":{"line":51,"column":30},"end":{"line":54,"column":2}},"20":{"start":{"line":52,"column":19},"end":{"line":52,"column":80}},"21":{"start":{"line":53,"column":2},"end":{"line":53,"column":25}}},"fnMap":{"0":{"name":"(anonymous_0)","decl":{"start":{"line":7,"column":35},"end":{"line":7,"column":40}},"loc":{"start":{"line":7,"column":73},"end":{"line":10,"column":1}}},"1":{"name":"(anonymous_1)","decl":{"start":{"line":12,"column":36},"end":{"line":12,"column":41}},"loc":{"start":{"line":12,"column":74},"end":{"line":29,"column":1}}},"2":{"name":"(anonymous_2)","decl":{"start":{"line":31,"column":37},"end":{"line":31,"column":42}},"loc":{"start":{"line":31,"column":75},"end":{"line":34,"column":1}}},"3":{"name":"(anonymous_3)","decl":{"start":{"line":36,"column":35},"end":{"line":36,"column":40}},"loc":{"start":{"line":36,"column":73},"end":{"line":39,"column":1}}},"4":{"name":"(anonymous_4)","decl":{"start":{"line":41,"column":35},"end":{"line":41,"column":40}},"loc":{"start":{"line":41,"column":73},"end":{"line":44,"column":1}}},"5":{"name":"(anonymous_5)","decl":{"start":{"line":46,"column":41},"end":{"line":46,"column":46}},"loc":{"start":{"line":46,"column":79},"end":{"line":49,"column":1}}},"6":{"name":"(anonymous_6)","decl":{"start":{"line":51,"column":43},"end":{"line":51,"column":48}},"loc":{"start":{"line":51,"column":81},"end":{"line":54,"column":1}}}},"branchMap":{"0":{"loc":{"start":{"line":16,"column":10},"end":{"line":16,"column":27}},"type":"binary-expr","locations":[{"start":{"line":16,"column":10},"end":{"line":16,"column":22}},{"start":{"line":16,"column":26},"end":{"line":16,"column":27}}]},"1":{"loc":{"start":{"line":17,"column":20},"end":{"line":17,"column":39}},"type":"binary-expr","locations":[{"start":{"line":17,"column":20},"end":{"line":17,"column":33}},{"start":{"line":17,"column":37},"end":{"line":17,"column":39}}]},"2":{"loc":{"start":{"line":18,"column":14},"end":{"line":18,"column":53}},"type":"cond-expr","locations":[{"start":{"line":18,"column":25},"end":{"line":18,"column":41}},{"start":{"line":18,"column":44},"end":{"line":18,"column":53}}]},"3":{"loc":{"start":{"line":19,"column":14},"end":{"line":19,"column":53}},"type":"cond-expr","locations":[{"start":{"line":19,"column":25},"end":{"line":19,"column":41}},{"start":{"line":19,"column":44},"end":{"line":19,"column":53}}]},"4":{"loc":{"start":{"line":20,"column":14},"end":{"line":20,"column":53}},"type":"cond-expr","locations":[{"start":{"line":20,"column":25},"end":{"line":20,"column":41}},{"start":{"line":20,"column":44},"end":{"line":20,"column":53}}]},"5":{"loc":{"start":{"line":21,"column":15},"end":{"line":21,"column":56}},"type":"cond-expr","locations":[{"start":{"line":21,"column":27},"end":{"line":21,"column":44}},{"start":{"line":21,"column":47},"end":{"line":21,"column":56}}]},"6":{"loc":{"start":{"line":25,"column":10},"end":{"line":25,"column":26}},"type":"binary-expr","locations":[{"start":{"line":25,"column":10},"end":{"line":25,"column":14}},{"start":{"line":25,"column":18},"end":{"line":25,"column":26}}]}},"s":{"0":4,"1":2,"2":2,"3":4,"4":7,"5":7,"6":7,"7":4,"8":1,"9":1,"10":4,"11":1,"12":1,"13":4,"14":1,"15":1,"16":4,"17":0,"18":0,"19":4,"20":1,"21":1},"f":{"0":2,"1":7,"2":1,"3":1,"4":1,"5":0,"6":1},"b":{"0":[7,6],"1":[7,6],"2":[1,6],"3":[1,6],"4":[1,6],"5":[0,7],"6":[7,6]}}
,"E:\\IIUC\\6th sem\\mother\\SD2\\src\\modules\\listings\\listing.filters.ts": {"path":"E:\\IIUC\\6th sem\\mother\\SD2\\src\\modules\\listings\\listing.filters.ts","statementMap":{"0":{"start":{"line":13,"column":41},"end":{"line":13,"column":43}},"1":{"start":{"line":15,"column":2},"end":{"line":19,"column":3}},"2":{"start":{"line":16,"column":4},"end":{"line":16,"column":21}},"3":{"start":{"line":17,"column":4},"end":{"line":17,"column":104}},"4":{"start":{"line":17,"column":41},"end":{"line":17,"column":104}},"5":{"start":{"line":18,"column":4},"end":{"line":18,"column":104}},"6":{"start":{"line":18,"column":41},"end":{"line":18,"column":104}},"7":{"start":{"line":21,"column":2},"end":{"line":21,"column":72}},"8":{"start":{"line":21,"column":38},"end":{"line":21,"column":72}},"9":{"start":{"line":22,"column":2},"end":{"line":22,"column":75}},"10":{"start":{"line":22,"column":39},"end":{"line":22,"column":75}},"11":{"start":{"line":23,"column":2},"end":{"line":23,"column":52}},"12":{"start":{"line":23,"column":22},"end":{"line":23,"column":52}},"13":{"start":{"line":25,"column":2},"end":{"line":25,"column":81}},"14":{"start":{"line":25,"column":20},"end":{"line":25,"column":81}},"15":{"start":{"line":26,"column":2},"end":{"line":26,"column":81}},"16":{"start":{"line":26,"column":20},"end":{"line":26,"column":81}},"17":{"start":{"line":28,"column":2},"end":{"line":28,"column":15}},"18":{"start":{"line":32,"column":2},"end":{"line":41,"column":3}},"19":{"start":{"line":34,"column":6},"end":{"line":34,"column":30}},"20":{"start":{"line":36,"column":6},"end":{"line":36,"column":31}},"21":{"start":{"line":38,"column":6},"end":{"line":38,"column":34}},"22":{"start":{"line":40,"column":6},"end":{"line":40,"column":35}}},"fnMap":{"0":{"name":"buildWhereClause","decl":{"start":{"line":12,"column":16},"end":{"line":12,"column":32}},"loc":{"start":{"line":12,"column":56},"end":{"line":29,"column":1}}},"1":{"name":"buildOrderBy","decl":{"start":{"line":31,"column":16},"end":{"line":31,"column":28}},"loc":{"start":{"line":31,"column":41},"end":{"line":42,"column":1}}}},"branchMap":{"0":{"loc":{"start":{"line":15,"column":2},"end":{"line":19,"column":3}},"type":"if","locations":[{"start":{"line":15,"column":2},"end":{"line":19,"column":3}}]},"1":{"loc":{"start":{"line":15,"column":6},"end":{"line":15,"column":70}},"type":"binary-expr","locations":[{"start":{"line":15,"column":6},"end":{"line":15,"column":36}},{"start":{"line":15,"column":40},"end":{"line":15,"column":70}}]},"2":{"loc":{"start":{"line":17,"column":4},"end":{"line":17,"column":104}},"type":"if","locations":[{"start":{"line":17,"column":4},"end":{"line":17,"column":104}}]},"3":{"loc":{"start":{"line":18,"column":4},"end":{"line":18,"column":104}},"type":"if","locations":[{"start":{"line":18,"column":4},"end":{"line":18,"column":104}}]},"4":{"loc":{"start":{"line":21,"column":2},"end":{"line":21,"column":72}},"type":"if","locations":[{"start":{"line":21,"column":2},"end":{"line":21,"column":72}}]},"5":{"loc":{"start":{"line":22,"column":2},"end":{"line":22,"column":75}},"type":"if","locations":[{"start":{"line":22,"column":2},"end":{"line":22,"column":75}}]},"6":{"loc":{"start":{"line":23,"column":2},"end":{"line":23,"column":52}},"type":"if","locations":[{"start":{"line":23,"column":2},"end":{"line":23,"column":52}}]},"7":{"loc":{"start":{"line":25,"column":2},"end":{"line":25,"column":81}},"type":"if","locations":[{"start":{"line":25,"column":2},"end":{"line":25,"column":81}}]},"8":{"loc":{"start":{"line":26,"column":2},"end":{"line":26,"column":81}},"type":"if","locations":[{"start":{"line":26,"column":2},"end":{"line":26,"column":81}}]},"9":{"loc":{"start":{"line":32,"column":2},"end":{"line":41,"column":3}},"type":"switch","locations":[{"start":{"line":33,"column":4},"end":{"line":34,"column":30}},{"start":{"line":35,"column":4},"end":{"line":36,"column":31}},{"start":{"line":37,"column":4},"end":{"line":38,"column":34}},{"start":{"line":39,"column":4},"end":{"line":40,"column":35}}]}},"s":{"0":9,"1":9,"2":2,"3":2,"4":1,"5":2,"6":2,"7":9,"8":2,"9":9,"10":0,"11":9,"12":3,"13":9,"14":2,"15":9,"16":0,"17":9,"18":7,"19":1,"20":0,"21":0,"22":6},"f":{"0":9,"1":7},"b":{"0":[2],"1":[9,8],"2":[1],"3":[2],"4":[2],"5":[0],"6":[3],"7":[2],"8":[0],"9":[1,0,0,6]}}
,"E:\\IIUC\\6th sem\\mother\\SD2\\src\\modules\\listings\\listing.routes.ts": {"path":"E:\\IIUC\\6th sem\\mother\\SD2\\src\\modules\\listings\\listing.routes.ts","statementMap":{"0":{"start":{"line":13,"column":15},"end":{"line":13,"column":23}},"1":{"start":{"line":29,"column":0},"end":{"line":29,"column":70}},"2":{"start":{"line":80,"column":0},"end":{"line":80,"column":82}},"3":{"start":{"line":115,"column":0},"end":{"line":115,"column":111}},"4":{"start":{"line":132,"column":0},"end":{"line":132,"column":47}},"5":{"start":{"line":161,"column":0},"end":{"line":161,"column":122}},"6":{"start":{"line":180,"column":0},"end":{"line":180,"column":94}},"7":{"start":{"line":208,"column":0},"end":{"line":208,"column":127}}},"fnMap":{},"branchMap":{},"s":{"0":4,"1":4,"2":4,"3":4,"4":4,"5":4,"6":4,"7":4},"f":{},"b":{}}
,"E:\\IIUC\\6th sem\\mother\\SD2\\src\\modules\\listings\\listing.schema.ts": {"path":"E:\\IIUC\\6th sem\\mother\\SD2\\src\\modules\\listings\\listing.schema.ts","statementMap":{"0":{"start":{"line":3,"column":35},"end":{"line":17,"column":2}},"1":{"start":{"line":19,"column":35},"end":{"line":19,"column":64}},"2":{"start":{"line":21,"column":34},"end":{"line":32,"column":2}},"3":{"start":{"line":34,"column":34},"end":{"line":36,"column":2}}},"fnMap":{},"branchMap":{},"s":{"0":4,"1":4,"2":4,"3":4},"f":{},"b":{}}
[...]
,"E:\\IIUC\\6th sem\\mother\\SD2\\src\\modules\\reviews\\review.controller.ts": {"path":"E:\\IIUC\\6th sem\\mother\\SD2\\src\\modules\\reviews\\review.controller.ts","statementMap":{"0":{"start":{"line":7,"column":22},"end":{"line":11,"column":2}},"1":{"start":{"line":8,"column":41},"end":{"line":8,"column":49}},"2":{"start":{"line":9,"column":17},"end":{"line":9,"column":85}},"3":{"start":{"line":10,"column":2},"end":{"line":10,"column":28}},"4":{"start":{"line":13,"column":29},"end":{"line":16,"column":2}},"5":{"start":{"line":14,"column":18},"end":{"line":14,"column":76}},"6":{"start":{"line":15,"column":2},"end":{"line":15,"column":24}}},"fnMap":{"0":{"name":"(anonymous_0)","decl":{"start":{"line":7,"column":35},"end":{"line":7,"column":40}},"loc":{"start":{"line":7,"column":73},"end":{"line":11,"column":1}}},"1":{"name":"(anonymous_1)","decl":{"start":{"line":13,"column":42},"end":{"line":13,"column":47}},"loc":{"start":{"line":13,"column":80},"end":{"line":16,"column":1}}}},"branchMap":{},"s":{"0":4,"1":3,"2":3,"3":1,"4":4,"5":3,"6":2},"f":{"0":3,"1":3},"b":{}}
,"E:\\IIUC\\6th sem\\mother\\SD2\\src\\modules\\reviews\\review.routes.ts": {"path":"E:\\IIUC\\6th sem\\mother\\SD2\\src\\modules\\reviews\\review.routes.ts","statementMap":{"0":{"start":{"line":7,"column":15},"end":{"line":7,"column":23}},"1":{"start":{"line":32,"column":0},"end":{"line":32,"column":107}},"2":{"start":{"line":61,"column":0},"end":{"line":61,"column":66}}},"fnMap":{},"branchMap":{},"s":{"0":4,"1":4,"2":4},"f":{},"b":{}}
,"E:\\IIUC\\6th sem\\mother\\SD2\\src\\modules\\reviews\\review.schema.ts": {"path":"E:\\IIUC\\6th sem\\mother\\SD2\\src\\modules\\reviews\\review.schema.ts","statementMap":{"0":{"start":{"line":3,"column":34},"end":{"line":7,"column":2}}},"fnMap":{},"branchMap":{},"s":{"0":4},"f":{},"b":{}}
,"E:\\IIUC\\6th sem\\mother\\SD2\\src\\modules\\reviews\\review.service.ts": {"path":"E:\\IIUC\\6th sem\\mother\\SD2\\src\\modules\\reviews\\review.service.ts","statementMap":{"0":{"start":{"line":4,"column":22},"end":{"line":8,"column":2}},"1":{"start":{"line":11,"column":18},"end":{"line":14,"column":4}},"2":{"start":{"line":15,"column":2},"end":{"line":15,"column":74}},"3":{"start":{"line":15,"column":16},"end":{"line":15,"column":74}},"4":{"start":{"line":17,"column":19},"end":{"line":19,"column":4}},"5":{"start":{"line":20,"column":2},"end":{"line":22,"column":3}},"6":{"start":{"line":21,"column":4},"end":{"line":21,"column":90}},"7":{"start":{"line":24,"column":2},"end":{"line":27,"column":5}},"8":{"start":{"line":31,"column":18},"end":{"line":34,"column":4}},"9":{"start":{"line":35,"column":2},"end":{"line":35,"column":74}},"10":{"start":{"line":35,"column":16},"end":{"line":35,"column":74}},"11":{"start":{"line":37,"column":2},"end":{"line":41,"column":5}}},"fnMap":{"0":{"name":"create","decl":{"start":{"line":10,"column":22},"end":{"line":10,"column":28}},"loc":{"start":{"line":10,"column":97},"end":{"line":28,"column":1}}},"1":{"name":"findByListing","decl":{"start":{"line":30,"column":22},"end":{"line":30,"column":35}},"loc":{"start":{"line":30,"column":53},"end":{"line":42,"column":1}}}},"branchMap":{"0":{"loc":{"start":{"line":15,"column":2},"end":{"line":15,"column":74}},"type":"if","locations":[{"start":{"line":15,"column":2},"end":{"line":15,"column":74}}]},"1":{"loc":{"start":{"line":20,"column":2},"end":{"line":22,"column":3}},"type":"if","locations":[{"start":{"line":20,"column":2},"end":{"line":22,"column":3}}]},"2":{"loc":{"start":{"line":35,"column":2},"end":{"line":35,"column":74}},"type":"if","locations":[{"start":{"line":35,"column":2},"end":{"line":35,"column":74}}]}},"s":{"0":4,"1":3,"2":3,"3":1,"4":2,"5":2,"6":1,"7":1,"8":3,"9":3,"10":1,"11":2},"f":{"0":3,"1":3},"b":{"0":[1],"1":[1],"2":[1]}}
,"E:\\IIUC\\6th sem\\mother\\SD2\\src\\modules\\users\\user.controller.ts": {"path":"E:\\IIUC\\6th sem\\mother\\SD2\\src\\modules\\users\\user.controller.ts","statementMap":{"0":{"start":{"line":6,"column":23},"end":{"line":9,"column":2}},"1":{"start":{"line":7,"column":15},"end":{"line":7,"column":65}},"2":{"start":{"line":8,"column":2},"end":{"line":8,"column":21}},"3":{"start":{"line":11,"column":26},"end":{"line":14,"column":2}},"4":{"start":{"line":12,"column":15},"end":{"line":12,"column":78}},"5":{"start":{"line":13,"column":2},"end":{"line":13,"column":21}},"6":{"start":{"line":16,"column":31},"end":{"line":19,"column":2}},"7":{"start":{"line":17,"column":19},"end":{"line":17,"column":77}},"8":{"start":{"line":18,"column":2},"end":{"line":18,"column":25}}},"fnMap":{"0":{"name":"(anonymous_0)","decl":{"start":{"line":6,"column":36},"end":{"line":6,"column":41}},"loc":{"start":{"line":6,"column":74},"end":{"line":9,"column":1}}},"1":{"name":"(anonymous_1)","decl":{"start":{"line":11,"column":39},"end":{"line":11,"column":44}},"loc":{"start":{"line":11,"column":77},"end":{"line":14,"column":1}}},"2":{"name":"(anonymous_2)","decl":{"start":{"line":16,"column":44},"end":{"line":16,"column":49}},"loc":{"start":{"line":16,"column":82},"end":{"line":19,"column":1}}}},"branchMap":{},"s":{"0":4,"1":2,"2":1,"3":4,"4":1,"5":1,"6":4,"7":3,"8":1},"f":{"0":2,"1":1,"2":3},"b":{}}
,"E:\\IIUC\\6th sem\\mother\\SD2\\src\\modules\\users\\user.routes.ts": {"path":"E:\\IIUC\\6th sem\\mother\\SD2\\src\\modules\\users\\user.routes.ts","statementMap":{"0":{"start":{"line":8,"column":15},"end":{"line":8,"column":23}},"1":{"start":{"line":37,"column":0},"end":{"line":37,"column":43}},"2":{"start":{"line":66,"column":0},"end":{"line":66,"column":98}},"3":{"start":{"line":90,"column":0},"end":{"line":90,"column":60}}},"fnMap":{},"branchMap":{},"s":{"0":4,"1":4,"2":4,"3":4},"f":{},"b":{}}
,"E:\\IIUC\\6th sem\\mother\\SD2\\src\\modules\\users\\user.schema.ts": {"path":"E:\\IIUC\\6th sem\\mother\\SD2\\src\\modules\\users\\user.schema.ts","statementMap":{"0":{"start":{"line":3,"column":32},"end":{"line":6,"column":2}}},"fnMap":{},"branchMap":{},"s":{"0":4},"f":{},"b":{}}
,"E:\\IIUC\\6th sem\\mother\\SD2\\src\\modules\\users\\user.service.ts": {"path":"E:\\IIUC\\6th sem\\mother\\SD2\\src\\modules\\users\\user.service.ts","statementMap":{"0":{"start":{"line":5,"column":21},"end":{"line":12,"column":2}},"1":{"start":{"line":15,"column":15},"end":{"line":18,"column":4}},"2":{"start":{"line":19,"column":2},"end":{"line":19,"column":68}},"3":{"start":{"line":19,"column":13},"end":{"line":19,"column":68}},"4":{"start":{"line":20,"column":2},"end":{"line":20,"column":14}},"5":{"start":{"line":24,"column":15},"end":{"line":24,"column":62}},"6":{"start":{"line":25,"column":2},"end":{"line":25,"column":68}},"7":{"start":{"line":25,"column":13},"end":{"line":25,"column":68}},"8":{"start":{"line":26,"column":2},"end":{"line":30,"column":5}},"9":{"start":{"line":34,"column":15},"end":{"line":37,"column":4}},"10":{"start":{"line":38,"column":2},"end":{"line":38,"column":68}},"11":{"start":{"line":38,"column":13},"end":{"line":38,"column":68}},"12":{"start":{"line":39,"column":2},"end":{"line":41,"column":3}},"13":{"start":{"line":40,"column":4},"end":{"line":40,"column":69}},"14":{"start":{"line":42,"column":2},"end":{"line":46,"column":5}}},"fnMap":{"0":{"name":"getUser","decl":{"start":{"line":14,"column":22},"end":{"line":14,"column":29}},"loc":{"start":{"line":14,"column":40},"end":{"line":21,"column":1}}},"1":{"name":"updateUser","decl":{"start":{"line":23,"column":22},"end":{"line":23,"column":32}},"loc":{"start":{"line":23,"column":84},"end":{"line":31,"column":1}}},"2":{"name":"getUserListings","decl":{"start":{"line":33,"column":22},"end":{"line":33,"column":37}},"loc":{"start":{"line":33,"column":52},"end":{"line":47,"column":1}}}},"branchMap":{"0":{"loc":{"start":{"line":19,"column":2},"end":{"line":19,"column":68}},"type":"if","locations":[{"start":{"line":19,"column":2},"end":{"line":19,"column":68}}]},"1":{"loc":{"start":{"line":25,"column":2},"end":{"line":25,"column":68}},"type":"if","locations":[{"start":{"line":25,"column":2},"end":{"line":25,"column":68}}]},"2":{"loc":{"start":{"line":38,"column":2},"end":{"line":38,"column":68}},"type":"if","locations":[{"start":{"line":38,"column":2},"end":{"line":38,"column":68}}]},"3":{"loc":{"start":{"line":39,"column":2},"end":{"line":41,"column":3}},"type":"if","locations":[{"start":{"line":39,"column":2},"end":{"line":41,"column":3}}]}},"s":{"0":4,"1":2,"2":2,"3":1,"4":1,"5":1,"6":1,"7":0,"8":1,"9":3,"10":3,"11":1,"12":2,"13":1,"14":1},"f":{"0":2,"1":1,"2":3},"b":{"0":[1],"1":[0],"2":[1],"3":[1]}}
,"E:\\IIUC\\6th sem\\mother\\SD2\\src\\routes\\index.ts": {"path":"E:\\IIUC\\6th sem\\mother\\SD2\\src\\routes\\index.ts","statementMap":{"0":{"start":{"line":11,"column":15},"end":{"line":11,"column":23}},"1":{"start":{"line":13,"column":0},"end":{"line":13,"column":32}},"2":{"start":{"line":14,"column":0},"end":{"line":14,"column":39}},"3":{"start":{"line":15,"column":0},"end":{"line":15,"column":37}},"4":{"start":{"line":16,"column":0},"end":{"line":16,"column":41}},"5":{"start":{"line":17,"column":0},"end":{"line":17,"column":40}},"6":{"start":{"line":18,"column":0},"end":{"line":18,"column":28}},"7":{"start":{"line":19,"column":0},"end":{"line":19,"column":33}},"8":{"start":{"line":20,"column":0},"end":{"line":20,"column":37}}},"fnMap":{},"branchMap":{},"s":{"0":4,"1":4,"2":4,"3":4,"4":4,"5":4,"6":4,"7":4,"8":4},"f":{},"b":{}}
,"E:\\IIUC\\6th sem\\mother\\SD2\\src\\utils\\AppError.ts": {"path":"E:\\IIUC\\6th sem\\mother\\SD2\\src\\utils\\AppError.ts","statementMap":{"0":{"start":{"line":6,"column":4},"end":{"line":6,"column":19}},"1":{"start":{"line":7,"column":4},"end":{"line":7,"column":33}},"2":{"start":{"line":8,"column":4},"end":{"line":8,"column":21}},"3":{"start":{"line":9,"column":4},"end":{"line":9,"column":52}}},"fnMap":{"0":{"name":"(anonymous_0)","decl":{"start":{"line":5,"column":2},"end":{"line":5,"column":14}},"loc":{"start":{"line":5,"column":63},"end":{"line":10,"column":3}}}},"branchMap":{},"s":{"0":49,"1":49,"2":49,"3":49},"f":{"0":49},"b":{}}
,"E:\\IIUC\\6th sem\\mother\\SD2\\src\\utils\\apiResponse.ts": {"path":"E:\\IIUC\\6th sem\\mother\\SD2\\src\\utils\\apiResponse.ts","statementMap":{"0":{"start":{"line":4,"column":2},"end":{"line":4,"column":55}},"1":{"start":{"line":13,"column":2},"end":{"line":16,"column":5}}},"fnMap":{"0":{"name":"success","decl":{"start":{"line":3,"column":16},"end":{"line":3,"column":23}},"loc":{"start":{"line":3,"column":67},"end":{"line":5,"column":1}}},"1":{"name":"fail","decl":{"start":{"line":7,"column":16},"end":{"line":7,"column":20}},"loc":{"start":{"line":11,"column":22},"end":{"line":17,"column":1}}}},"branchMap":{"0":{"loc":{"start":{"line":3,"column":51},"end":{"line":3,"column":67}},"type":"default-arg","locations":[{"start":{"line":3,"column":64},"end":{"line":3,"column":67}}]},"1":{"loc":{"start":{"line":10,"column":2},"end":{"line":10,"column":18}},"type":"default-arg","locations":[{"start":{"line":10,"column":15},"end":{"line":10,"column":18}}]},"2":{"loc":{"start":{"line":11,"column":2},"end":{"line":11,"column":22}},"type":"default-arg","locations":[{"start":{"line":11,"column":9},"end":{"line":11,"column":22}}]}},"s":{"0":54,"1":0},"f":{"0":54,"1":0},"b":{"0":[44],"1":[0],"2":[0]}}
,"E:\\IIUC\\6th sem\\mother\\SD2\\src\\utils\\asyncHandler.ts": {"path":"E:\\IIUC\\6th sem\\mother\\SD2\\src\\utils\\asyncHandler.ts","statementMap":{"0":{"start":{"line":4,"column":2},"end":{"line":7,"column":3}},"1":{"start":{"line":5,"column":2},"end":{"line":7,"column":3}},"2":{"start":{"line":6,"column":4},"end":{"line":6,"column":52}}},"fnMap":{"0":{"name":"(anonymous_0)","decl":{"start":{"line":4,"column":2},"end":{"line":4,"column":3}},"loc":{"start":{"line":5,"column":2},"end":{"line":7,"column":3}}},"1":{"name":"(anonymous_1)","decl":{"start":{"line":5,"column":2},"end":{"line":5,"column":3}},"loc":{"start":{"line":5,"column":54},"end":{"line":7,"column":3}}}},"branchMap":{},"s":{"0":4,"1":120,"2":82},"f":{"0":120,"1":82},"b":{}}
,"E:\\IIUC\\6th sem\\mother\\SD2\\src\\utils\\hash.ts": {"path":"E:\\IIUC\\6th sem\\mother\\SD2\\src\\utils\\hash.ts","statementMap":{"0":{"start":{"line":4,"column":20},"end":{"line":4,"column":22}},"1":{"start":{"line":7,"column":2},"end":{"line":7,"column":44}},"2":{"start":{"line":14,"column":2},"end":{"line":14,"column":40}},"3":{"start":{"line":18,"column":2},"end":{"line":18,"column":65}}},"fnMap":{"0":{"name":"hashPassword","decl":{"start":{"line":6,"column":22},"end":{"line":6,"column":34}},"loc":{"start":{"line":6,"column":51},"end":{"line":8,"column":1}}},"1":{"name":"comparePassword","decl":{"start":{"line":10,"column":22},"end":{"line":10,"column":37}},"loc":{"start":{"line":12,"column":14},"end":{"line":15,"column":1}}},"2":{"name":"hashToken","decl":{"start":{"line":17,"column":16},"end":{"line":17,"column":25}},"loc":{"start":{"line":17,"column":39},"end":{"line":19,"column":1}}}},"branchMap":{},"s":{"0":4,"1":1,"2":20,"3":23},"f":{"0":1,"1":20,"2":23},"b":{}}
,"E:\\IIUC\\6th sem\\mother\\SD2\\src\\utils\\jwt.ts": {"path":"E:\\IIUC\\6th sem\\mother\\SD2\\src\\utils\\jwt.ts","statementMap":{"0":{"start":{"line":9,"column":17},"end":{"line":9,"column":48}},"1":{"start":{"line":10,"column":2},"end":{"line":10,"column":65}},"2":{"start":{"line":10,"column":15},"end":{"line":10,"column":65}},"3":{"start":{"line":11,"column":2},"end":{"line":11,"column":57}},"4":{"start":{"line":15,"column":17},"end":{"line":15,"column":48}},"5":{"start":{"line":16,"column":2},"end":{"line":16,"column":65}},"6":{"start":{"line":16,"column":15},"end":{"line":16,"column":65}},"7":{"start":{"line":17,"column":2},"end":{"line":17,"column":51}}},"fnMap":{"0":{"name":"generateAccessToken","decl":{"start":{"line":8,"column":16},"end":{"line":8,"column":35}},"loc":{"start":{"line":8,"column":57},"end":{"line":12,"column":1}}},"1":{"name":"verifyAccessToken","decl":{"start":{"line":14,"column":16},"end":{"line":14,"column":33}},"loc":{"start":{"line":14,"column":47},"end":{"line":18,"column":1}}}},"branchMap":{"0":{"loc":{"start":{"line":10,"column":2},"end":{"line":10,"column":65}},"type":"if","locations":[{"start":{"line":10,"column":2},"end":{"line":10,"column":65}}]},"1":{"loc":{"start":{"line":16,"column":2},"end":{"line":16,"column":65}},"type":"if","locations":[{"start":{"line":16,"column":2},"end":{"line":16,"column":65}}]}},"s":{"0":21,"1":21,"2":0,"3":21,"4":37,"5":37,"6":0,"7":37},"f":{"0":21,"1":37},"b":{"0":[0],"1":[0]}}
,"E:\\IIUC\\6th sem\\mother\\SD2\\src\\utils\\param.ts": {"path":"E:\\IIUC\\6th sem\\mother\\SD2\\src\\utils\\param.ts","statementMap":{"0":{"start":{"line":4,"column":12},"end":{"line":4,"column":28}},"1":{"start":{"line":5,"column":2},"end":{"line":5,"column":36}},"2":{"start":{"line":5,"column":24},"end":{"line":5,"column":36}},"3":{"start":{"line":6,"column":2},"end":{"line":6,"column":11}}},"fnMap":{"0":{"name":"param","decl":{"start":{"line":3,"column":16},"end":{"line":3,"column":21}},"loc":{"start":{"line":3,"column":48},"end":{"line":7,"column":1}}}},"branchMap":{"0":{"loc":{"start":{"line":5,"column":2},"end":{"line":5,"column":36}},"type":"if","locations":[{"start":{"line":5,"column":2},"end":{"line":5,"column":36}}]}},"s":{"0":9,"1":9,"2":0,"3":9},"f":{"0":9},"b":{"0":[0]}}
,"E:\\IIUC\\6th sem\\mother\\SD2\\tests\\helpers.ts": {"path":"E:\\IIUC\\6th sem\\mother\\SD2\\tests\\helpers.ts","statementMap":{"0":{"start":{"line":8,"column":22},"end":{"line":10,"column":2}},"1":{"start":{"line":12,"column":19},"end":{"line":12,"column":21}},"2":{"start":{"line":13,"column":26},"end":{"line":13,"column":28}},"3":{"start":{"line":16,"column":2},"end":{"line":16,"column":24}},"4":{"start":{"line":17,"column":2},"end":{"line":17,"column":31}},"5":{"start":{"line":21,"column":2},"end":{"line":21,"column":22}},"6":{"start":{"line":25,"column":2},"end":{"line":25,"column":29}},"7":{"start":{"line":29,"column":2},"end":{"line":29,"column":35}},"8":{"start":{"line":30,"column":2},"end":{"line":30,"column":36}},"9":{"start":{"line":31,"column":2},"end":{"line":31,"column":37}},"10":{"start":{"line":32,"column":2},"end":{"line":32,"column":41}},"11":{"start":{"line":33,"column":2},"end":{"line":33,"column":36}},"12":{"start":{"line":34,"column":2},"end":{"line":34,"column":41}},"13":{"start":{"line":35,"column":2},"end":{"line":35,"column":47}},"14":{"start":{"line":36,"column":2},"end":{"line":36,"column":40}},"15":{"start":{"line":37,"column":2},"end":{"line":37,"column":33}},"16":{"start":{"line":41,"column":19},"end":{"line":41,"column":55}},"17":{"start":{"line":43,"column":20},"end":{"line":45,"column":4}},"18":{"start":{"line":46,"column":20},"end":{"line":48,"column":4}},"19":{"start":{"line":49,"column":18},"end":{"line":51,"column":4}},"20":{"start":{"line":52,"column":18},"end":{"line":54,"column":4}},"21":{"start":{"line":56,"column":2},"end":{"line":56,"column":52}},"22":{"start":{"line":60,"column":13},"end":{"line":77,"column":4}},"23":{"start":{"line":79,"column":13},"end":{"line":96,"column":4}},"24":{"start":{"line":98,"column":13},"end":{"line":115,"column":4}},"25":{"start":{"line":117,"column":13},"end":{"line":134,"column":4}},"26":{"start":{"line":136,"column":2},"end":{"line":136,"column":28}}},"fnMap":{"0":{"name":"setTokens","decl":{"start":{"line":15,"column":16},"end":{"line":15,"column":25}},"loc":{"start":{"line":15,"column":56},"end":{"line":18,"column":1}}},"1":{"name":"getAccessToken","decl":{"start":{"line":20,"column":16},"end":{"line":20,"column":30}},"loc":{"start":{"line":20,"column":30},"end":{"line":22,"column":1}}},"2":{"name":"getRefreshTokenCookie","decl":{"start":{"line":24,"column":16},"end":{"line":24,"column":37}},"loc":{"start":{"line":24,"column":37},"end":{"line":26,"column":1}}},"3":{"name":"clearDatabase","decl":{"start":{"line":28,"column":22},"end":{"line":28,"column":35}},"loc":{"start":{"line":28,"column":35},"end":{"line":38,"column":1}}},"4":{"name":"seedUsers","decl":{"start":{"line":40,"column":22},"end":{"line":40,"column":31}},"loc":{"start":{"line":40,"column":31},"end":{"line":57,"column":1}}},"5":{"name":"seedListings","decl":{"start":{"line":59,"column":22},"end":{"line":59,"column":34}},"loc":{"start":{"line":59,"column":75},"end":{"line":137,"column":1}}}},"branchMap":{},"s":{"0":4,"1":4,"2":4,"3":14,"4":14,"5":26,"6":0,"7":8,"8":8,"9":8,"10":8,"11":8,"12":8,"13":8,"14":8,"15":8,"16":4,"17":4,"18":4,"19":4,"20":4,"21":4,"22":3,"23":3,"24":3,"25":3,"26":3},"f":{"0":14,"1":26,"2":0,"3":8,"4":4,"5":3},"b":{}}
}
