TN:
SF:generated\prisma\client.ts
FNF:0
FNH:0
DA:16,4
DA:40,4
LF:2
LH:2
BRF:0
BRH:0
end_of_record
TN:
SF:generated\prisma\enums.ts
FNF:0
FNH:0
DA:12,4
DA:21,4
DA:30,4
LF:3
LH:3
BRF:0
BRH:0
end_of_record
TN:
SF:generated\prisma\internal\class.ts
FN:41,decodeBase64AsWasm
FN:48,(anonymous_1)
FN:50,(anonymous_2)
FN:282,getPrismaClientClass
FNF:4
FNH:4
FNDA:4,decodeBase64AsWasm
FNDA:4,(anonymous_1)
FNDA:4,(anonymous_2)
FNDA:4,getPrismaClientClass
DA:18,4
DA:35,4
DA:36,4
DA:42,4
DA:43,4
DA:44,4
DA:47,4
DA:48,4
DA:51,4
DA:52,4
DA:283,4
LF:11
LH:11
BRF:0
BRH:0
end_of_record
TN:
SF:generated\prisma\internal\prismaNamespace.ts
FNF:0
FNH:0
DA:32,4
DA:35,4
DA:38,4
DA:41,4
DA:44,4
DA:50,4
DA:51,4
DA:52,4
DA:53,4
DA:54,4
DA:62,4
DA:71,4
DA:86,4
DA:104,4
DA:114,4
DA:121,4
DA:128,4
DA:399,4
DA:1123,4
DA:1133,4
DA:1144,4
DA:1154,4
DA:1166,4
DA:1190,4
DA:1201,4
DA:1212,4
DA:1223,4
DA:1235,4
DA:1250,4
DA:1258,4
DA:1265,4
DA:1273,4
DA:1282,4
DA:1435,4
LF:34
LH:34
BRF:0
BRH:0
end_of_record
TN:
SF:src\app.ts
FN:33,(anonymous_0)
FNF:1
FNH:0
FNDA:0,(anonymous_0)
DA:14,4
DA:16,4
DA:18,4
DA:24,4
DA:28,4
DA:29,4
DA:30,4
DA:31,4
DA:33,4
DA:34,0
DA:37,4
DA:38,4
DA:40,4
DA:41,4
LF:14
LH:13
BRDA:25,0,0,4
BRDA:25,0,1,0
BRF:2
BRH:1
end_of_record
TN:
SF:src\config\cloudinary.ts
FNF:0
FNH:0
DA:3,4
LF:1
LH:1
BRF:0
BRH:0
end_of_record
TN:
SF:src\config\logger.ts
FN:12,(anonymous_0)
FN:29,stream
FN:31,(anonymous_2)
FNF:3
FNH:3
FNDA:103,(anonymous_0)
FNDA:4,stream
FNDA:103,(anonymous_2)
DA:3,4
DA:5,4
DA:13,103
DA:14,103
DA:30,4
DA:32,103
LF:6
LH:6
BRDA:6,0,0,0
BRDA:6,0,1,4
BRDA:10,1,0,0
BRDA:10,1,1,4
BRDA:13,2,0,0
BRDA:13,2,1,103
BRDA:20,3,0,0
BRDA:20,3,1,4
BRF:8
BRH:4
end_of_record
TN:
SF:src\docs\swagger.ts
FNF:0
FNH:0
DA:4,4
DA:52,4
LF:2
LH:2
BRF:0
BRH:0
end_of_record
TN:
SF:src\lib\prisma.ts
FNF:0
FNH:0
DA:6,4
DA:8,4
DA:9,4
LF:3
LH:3
BRF:0
BRH:0
end_of_record
TN:
SF:src\middleware\auth.ts
FN:5,authenticate
FN:24,authorize
FN:25,(anonymous_2)
FNF:3
FNH:3
FNDA:41,authenticate
FNDA:56,authorize
FNDA:31,(anonymous_2)
DA:10,41
DA:11,41
DA:12,4
DA:14,37
DA:15,37
DA:16,37
DA:17,35
DA:18,35
DA:20,2
DA:25,56
DA:26,31
DA:27,3
DA:29,28
LF:13
LH:13
BRDA:11,0,0,4
BRDA:11,1,0,41
BRDA:11,1,1,37
BRDA:26,2,0,3
BRDA:26,3,0,31
BRDA:26,3,1,31
BRF:6
BRH:6
end_of_record
TN:
SF:src\middleware\errorHandler.ts
FN:5,errorHandler
FNF:1
FNH:1
FNDA:49,errorHandler
DA:11,49
DA:12,49
DA:16,49
DA:19,0
DA:20,0
LF:5
LH:3
BRDA:11,0,0,49
BRF:1
BRH:1
end_of_record
TN:
SF:src\middleware\isOwner.ts
FN:5,isOwner
FN:18,(anonymous_1)
FNF:2
FNH:2
FNDA:4,isOwner
FNDA:4,(anonymous_1)
DA:6,4
DA:7,4
DA:8,0
DA:11,4
DA:12,4
DA:13,0
DA:16,4
DA:19,4
DA:20,0
DA:22,4
DA:23,2
DA:25,2
LF:12
LH:9
BRDA:7,0,0,0
BRDA:12,1,0,0
BRDA:19,2,0,0
BRDA:22,3,0,2
BRF:4
BRH:1
end_of_record
TN:
SF:src\middleware\isSelf.ts
FN:4,isSelf
FNF:1
FNH:1
FNDA:3,isSelf
DA:5,3
DA:6,3
DA:7,0
DA:9,3
DA:10,2
DA:12,1
LF:6
LH:5
BRDA:6,0,0,0
BRDA:9,1,0,2
BRF:2
BRH:1
end_of_record
TN:
SF:src\middleware\notFound.ts
FN:4,notFound
FNF:1
FNH:1
FNDA:2,notFound
DA:5,2
LF:1
LH:1
BRF:0
BRH:0
end_of_record
TN:
SF:src\middleware\rateLimiter.ts
FN:6,noop
FNF:1
FNH:1
FNDA:153,noop
DA:4,4
DA:7,153
DA:10,4
DA:15,4
DA:25,4
DA:35,4
DA:45,4
LF:7
LH:7
BRDA:15,0,0,4
BRDA:15,0,1,0
BRDA:25,1,0,4
BRDA:25,1,1,0
BRDA:35,2,0,4
BRDA:35,2,1,0
BRDA:45,3,0,4
BRDA:45,3,1,0
BRF:8
BRH:4
end_of_record
TN:
SF:src\middleware\upload.ts
FN:9,(anonymous_0)
FNF:1
FNH:0
FNDA:0,(anonymous_0)
DA:4,4
DA:5,4
DA:7,4
DA:9,4
DA:14,0
DA:15,0
DA:17,0
DA:21,4
LF:8
LH:5
BRDA:14,0,0,0
BRDA:14,0,1,0
BRF:2
BRH:0
end_of_record
TN:
SF:src\middleware\validate.ts
FN:5,validate
FN:6,(anonymous_1)
FN:17,(anonymous_2)
FNF:3
FNH:3
FNDA:68,validate
FNDA:73,(anonymous_1)
FNDA:16,(anonymous_2)
DA:6,68
DA:7,73
DA:8,73
DA:9,67
DA:10,10
DA:12,57
DA:14,67
DA:16,6
DA:17,16
DA:18,6
DA:20,0
LF:11
LH:10
BRDA:5,0,0,52
BRDA:9,1,0,10
BRDA:9,1,1,57
BRDA:9,2,0,67
BRDA:9,2,1,57
BRDA:16,3,0,6
BRF:6
BRH:6
end_of_record
TN:
SF:src\modules\ai\ai.controller.ts
FN:7,(anonymous_0)
FN:13,(anonymous_1)
FNF:2
FNH:1
FNDA:2,(anonymous_0)
FNDA:0,(anonymous_1)
DA:7,4
DA:8,2
DA:9,2
DA:10,2
DA:13,4
DA:14,0
DA:15,0
LF:7
LH:5
BRF:0
BRH:0
end_of_record
TN:
SF:src\modules\ai\ai.routes.ts
FNF:0
FNH:0
DA:7,4
DA:40,4
DA:63,4
LF:3
LH:3
BRF:0
BRH:0
end_of_record
TN:
SF:src\modules\ai\ai.schema.ts
FNF:0
FNH:0
DA:3,4
LF:1
LH:1
BRF:0
BRH:0
end_of_record
TN:
SF:src\modules\ai\ai.service.ts
FN:16,clampFilters
FN:31,callAI
FN:33,(anonymous_2)
FN:50,recommend
FN:108,findSimilar
FNF:5
FNH:3
FNDA:1,clampFilters
FNDA:2,callAI
FNDA:0,(anonymous_2)
FNDA:2,recommend
FNDA:0,findSimilar
DA:9,4
DA:10,4
DA:12,4
DA:17,1
DA:32,2
DA:33,2
DA:35,2
DA:36,2
DA:40,1
DA:41,1
DA:42,1
DA:44,1
DA:46,2
DA:51,2
DA:52,2
DA:55,2
DA:61,2
DA:62,1
DA:63,1
DA:66,2
DA:74,2
DA:75,0
DA:81,2
DA:82,2
DA:92,0
DA:93,0
DA:94,0
DA:95,0
DA:98,2
DA:99,0
DA:100,0
DA:101,0
DA:102,0
DA:105,2
DA:109,0
DA:110,0
DA:112,0
DA:114,0
LF:38
LH:25
BRDA:9,0,0,4
BRDA:9,0,1,4
BRDA:19,1,0,1
BRDA:19,1,1,0
BRDA:23,2,0,1
BRDA:23,2,1,0
BRDA:26,3,0,1
BRDA:26,3,1,0
BRDA:27,4,0,0
BRDA:27,4,1,1
BRDA:55,5,0,2
BRDA:55,5,1,1
BRDA:55,5,2,0
BRDA:55,5,3,0
BRDA:55,5,4,0
BRDA:55,5,5,0
BRDA:61,6,0,1
BRDA:61,7,0,2
BRDA:61,7,1,1
BRDA:74,8,0,0
BRDA:74,9,0,2
BRDA:74,9,1,0
BRDA:98,10,0,0
BRDA:98,11,0,2
BRDA:98,11,1,0
BRDA:110,12,0,0
BRF:26
BRH:13
end_of_record
TN:
SF:src\modules\ai\fallbackSearch.ts
FN:7,fallbackSearch
FN:8,(anonymous_1)
FN:21,(anonymous_2)
FNF:3
FNH:0
FNDA:0,fallbackSearch
FNDA:0,(anonymous_1)
FNDA:0,(anonymous_2)
DA:3,4
DA:8,0
DA:10,0
DA:11,0
DA:15,0
DA:16,0
DA:18,0
DA:20,0
DA:21,0
DA:30,0
DA:31,0
DA:33,0
LF:12
LH:1
BRDA:11,0,0,0
BRDA:11,0,1,0
BRDA:12,1,0,0
BRDA:12,1,1,0
BRDA:16,2,0,0
BRDA:16,2,1,0
BRDA:20,3,0,0
BRDA:30,4,0,0
BRDA:31,5,0,0
BRF:9
BRH:0
end_of_record
TN:
SF:src\modules\ai\prompts.ts
FNF:0
FNH:0
DA:1,4
LF:1
LH:1
BRF:0
BRH:0
end_of_record
TN:
SF:src\modules\auth\auth.controller.ts
FN:15,(anonymous_0)
FN:21,(anonymous_1)
FN:28,(anonymous_2)
FN:39,(anonymous_3)
FN:48,(anonymous_4)
FN:53,(anonymous_5)
FN:58,(anonymous_6)
FNF:7
FNH:4
FNDA:2,(anonymous_0)
FNDA:35,(anonymous_1)
FNDA:2,(anonymous_2)
FNDA:0,(anonymous_3)
FNDA:0,(anonymous_4)
FNDA:0,(anonymous_5)
FNDA:1,(anonymous_6)
DA:6,4
DA:7,4
DA:15,4
DA:16,2
DA:17,1
DA:18,1
DA:21,4
DA:22,35
DA:23,35
DA:24,19
DA:25,19
DA:28,4
DA:29,2
DA:30,2
DA:31,0
DA:32,0
DA:34,2
DA:35,1
DA:36,1
DA:39,4
DA:40,0
DA:41,0
DA:42,0
DA:44,0
DA:45,0
DA:48,4
DA:49,0
DA:50,0
DA:53,4
DA:54,0
DA:55,0
DA:58,4
DA:59,1
DA:60,1
LF:34
LH:23
BRDA:30,0,0,0
BRDA:41,1,0,0
BRF:2
BRH:0
end_of_record
TN:
SF:src\modules\auth\auth.routes.ts
FNF:0
FNH:0
DA:8,4
DA:35,4
DA:58,4
DA:70,4
DA:83,4
DA:104,4
DA:127,4
DA:140,4
LF:8
LH:8
BRF:0
BRH:0
end_of_record
TN:
SF:src\modules\auth\auth.schema.ts
FNF:0
FNH:0
DA:3,4
DA:11,4
DA:16,4
DA:20,4
LF:4
LH:4
BRF:0
BRH:0
end_of_record
TN:
SF:src\modules\auth\auth.service.ts
FN:12,generateRawToken
FN:16,createRefreshTokenRecord
FN:26,buildAuthPayload
FN:39,register
FN:55,(anonymous_4)
FN:81,login
FN:93,refresh
FN:109,logout
FN:120,forgotPassword
FN:143,resetPassword
FN:169,getMe
FNF:11
FNH:8
FNDA:21,generateRawToken
FNDA:20,createRefreshTokenRecord
FNDA:20,buildAuthPayload
FNDA:2,register
FNDA:1,(anonymous_4)
FNDA:35,login
FNDA:2,refresh
FNDA:0,logout
FNDA:0,forgotPassword
FNDA:0,resetPassword
FNDA:1,getMe
DA:9,4
DA:10,4
DA:13,21
DA:17,20
DA:18,20
DA:19,20
DA:20,20
DA:23,20
DA:27,20
DA:28,20
DA:29,20
DA:30,20
DA:46,2
DA:47,2
DA:48,1
DA:50,1
DA:51,1
DA:52,1
DA:53,1
DA:55,1
DA:56,1
DA:65,1
DA:68,1
DA:71,1
DA:72,1
DA:82,35
DA:83,35
DA:84,15
DA:86,20
DA:87,20
DA:88,1
DA:90,19
DA:94,2
DA:95,2
DA:99,2
DA:100,1
DA:102,1
DA:103,0
DA:105,1
DA:106,1
DA:110,0
DA:111,0
DA:117,4
DA:118,4
DA:121,0
DA:123,0
DA:125,0
DA:126,0
DA:129,0
DA:130,0
DA:131,0
DA:133,0
DA:137,0
DA:138,0
DA:140,0
DA:144,0
DA:145,0
DA:149,0
DA:150,0
DA:153,0
DA:155,0
DA:166,0
DA:170,1
DA:171,1
LF:64
LH:43
BRDA:47,0,0,1
BRDA:83,1,0,15
BRDA:87,2,0,1
BRDA:99,3,0,1
BRDA:102,4,0,0
BRDA:125,5,0,0
BRDA:149,6,0,0
BRF:7
BRH:4
end_of_record
TN:
SF:src\modules\favorites\favorite.controller.ts
FN:7,(anonymous_0)
FN:13,(anonymous_1)
FN:20,(anonymous_2)
FNF:3
FNH:3
FNDA:3,(anonymous_0)
FNDA:1,(anonymous_1)
FNDA:1,(anonymous_2)
DA:7,4
DA:8,3
DA:9,3
DA:10,1
DA:13,4
DA:14,1
DA:15,1
DA:16,1
DA:17,1
DA:20,4
DA:21,1
DA:22,1
LF:12
LH:12
BRDA:14,0,0,1
BRDA:14,0,1,1
BRDA:15,1,0,1
BRDA:15,1,1,1
BRF:4
BRH:4
end_of_record
TN:
SF:src\modules\favorites\favorite.routes.ts
FNF:0
FNH:0
DA:7,4
DA:30,4
DA:58,4
DA:77,4
LF:4
LH:4
BRF:0
BRH:0
end_of_record
TN:
SF:src\modules\favorites\favorite.schema.ts
FNF:0
FNH:0
DA:3,4
DA:7,4
LF:2
LH:2
BRF:0
BRH:0
end_of_record
TN:
SF:src\modules\favorites\favorite.service.ts
FN:14,create
FN:31,findAll
FN:54,remove
FNF:3
FNH:3
FNDA:3,create
FNDA:1,findAll
FNDA:1,remove
DA:4,4
DA:15,3
DA:16,3
DA:18,2
DA:19,2
DA:24,1
DA:25,1
DA:27,0
DA:32,1
DA:34,1
DA:45,1
DA:55,1
DA:56,1
DA:57,1
DA:58,0
DA:60,1
LF:16
LH:14
BRDA:16,0,0,1
BRDA:24,1,0,1
BRDA:24,2,0,1
BRDA:24,2,1,1
BRDA:24,2,2,1
BRDA:56,3,0,0
BRDA:57,4,0,0
BRF:7
BRH:5
end_of_record
TN:
SF:src\modules\inquiries\inquiry.controller.ts
FN:7,(anonymous_0)
FN:13,(anonymous_1)
FN:20,(anonymous_2)
FN:27,(anonymous_3)
FNF:4
FNH:4
FNDA:7,(anonymous_0)
FNDA:1,(anonymous_1)
FNDA:1,(anonymous_2)
FNDA:1,(anonymous_3)
DA:7,4
DA:8,7
DA:9,7
DA:10,5
DA:13,4
DA:14,1
DA:15,1
DA:16,1
DA:17,1
DA:20,4
DA:21,1
DA:22,1
DA:23,1
DA:24,1
DA:27,4
DA:28,1
DA:29,1
LF:17
LH:17
BRDA:14,0,0,1
BRDA:14,0,1,1
BRDA:15,1,0,1
BRDA:15,1,1,1
BRDA:21,2,0,1
BRDA:21,2,1,1
BRDA:22,3,0,1
BRDA:22,3,1,1
BRF:8
BRH:8
end_of_record
TN:
SF:src\modules\inquiries\inquiry.routes.ts
FNF:0
FNH:0
DA:8,4
DA:33,4
DA:61,4
DA:89,4
DA:117,4
LF:5
LH:5
BRF:0
BRH:0
end_of_record
TN:
SF:src\modules\inquiries\inquiry.schema.ts
FNF:0
FNH:0
DA:3,4
DA:8,4
DA:13,4
LF:3
LH:3
BRF:0
BRH:0
end_of_record
TN:
SF:src\modules\inquiries\inquiry.service.ts
FN:15,create
FN:42,findSent
FN:59,findReceived
FN:83,updateStatus
FNF:4
FNH:4
FNDA:7,create
FNDA:1,findSent
FNDA:1,findReceived
FNDA:1,updateStatus
DA:4,4
DA:6,4
DA:16,7
DA:20,7
DA:22,6
DA:23,6
DA:25,6
DA:32,6
DA:33,1
DA:36,5
DA:43,1
DA:45,1
DA:56,1
DA:60,1
DA:64,1
DA:80,1
DA:84,1
DA:88,1
DA:89,1
DA:90,0
DA:93,1
LF:21
LH:20
BRDA:20,0,0,1
BRDA:32,1,0,1
BRDA:88,2,0,0
BRDA:89,3,0,0
BRF:4
BRH:2
end_of_record
TN:
SF:src\modules\listingImages\image.controller.ts
FN:8,(anonymous_0)
FN:16,(anonymous_1)
FNF:2
FNH:0
FNDA:0,(anonymous_0)
FNDA:0,(anonymous_1)
DA:8,4
DA:9,0
DA:10,0
DA:12,0
DA:13,0
DA:16,4
DA:17,0
DA:18,0
LF:8
LH:2
BRDA:9,0,0,0
BRF:1
BRH:0
end_of_record
TN:
SF:src\modules\listingImages\image.routes.ts
FNF:0
FNH:0
DA:7,4
DA:35,4
DA:58,4
LF:3
LH:3
BRF:0
BRH:0
end_of_record
TN:
SF:src\modules\listingImages\image.service.ts
FN:6,upload
FN:14,(anonymous_1)
FN:20,(anonymous_2)
FN:44,remove
FNF:4
FNH:0
FNDA:0,upload
FNDA:0,(anonymous_1)
FNDA:0,(anonymous_2)
FNDA:0,remove
DA:7,0
DA:11,0
DA:13,0
DA:15,0
DA:21,0
DA:22,0
DA:24,0
DA:28,0
DA:32,0
DA:34,0
DA:45,0
DA:49,0
DA:51,0
DA:52,0
DA:53,0
DA:56,0
LF:16
LH:0
BRDA:11,0,0,0
BRDA:21,1,0,0
BRDA:21,1,1,0
BRDA:21,2,0,0
BRDA:21,2,1,0
BRDA:49,3,0,0
BRDA:52,4,0,0
BRF:7
BRH:0
end_of_record
TN:
SF:src\modules\listings\listing.controller.ts
FN:7,(anonymous_0)
FN:12,(anonymous_1)
FN:31,(anonymous_2)
FN:36,(anonymous_3)
FN:41,(anonymous_4)
FN:46,(anonymous_5)
FN:51,(anonymous_6)
FNF:7
FNH:6
FNDA:2,(anonymous_0)
FNDA:7,(anonymous_1)
FNDA:1,(anonymous_2)
FNDA:1,(anonymous_3)
FNDA:1,(anonymous_4)
FNDA:0,(anonymous_5)
FNDA:1,(anonymous_6)
DA:7,4
DA:8,2
DA:9,2
DA:12,4
DA:13,7
DA:15,7
DA:28,7
DA:31,4
DA:32,1
DA:33,1
DA:36,4
DA:37,1
DA:38,1
DA:41,4
DA:42,1
DA:43,1
DA:46,4
DA:47,0
DA:48,0
DA:51,4
DA:52,1
DA:53,1
LF:22
LH:20
BRDA:16,0,0,7
BRDA:16,0,1,6
BRDA:17,1,0,7
BRDA:17,1,1,6
BRDA:18,2,0,1
BRDA:18,2,1,6
BRDA:19,3,0,1
BRDA:19,3,1,6
BRDA:20,4,0,1
BRDA:20,4,1,6
BRDA:21,5,0,0
BRDA:21,5,1,7
BRDA:25,6,0,7
BRDA:25,6,1,6
BRF:14
BRH:13
end_of_record
TN:
SF:src\modules\listings\listing.filters.ts
FN:12,buildWhereClause
FN:31,buildOrderBy
FNF:2
FNH:2
FNDA:9,buildWhereClause
FNDA:7,buildOrderBy
DA:13,9
DA:15,9
DA:16,2
DA:17,2
DA:18,2
DA:21,9
DA:22,9
DA:23,9
DA:25,9
DA:26,9
DA:28,9
DA:32,7
DA:34,1
DA:36,0
DA:38,0
DA:40,6
LF:16
LH:14
BRDA:15,0,0,2
BRDA:15,1,0,9
BRDA:15,1,1,8
BRDA:17,2,0,1
BRDA:18,3,0,2
BRDA:21,4,0,2
BRDA:22,5,0,0
BRDA:23,6,0,3
BRDA:25,7,0,2
BRDA:26,8,0,0
BRDA:32,9,0,1
BRDA:32,9,1,0
BRDA:32,9,2,0
BRDA:32,9,3,6
BRF:14
BRH:10
end_of_record
TN:
SF:src\modules\listings\listing.routes.ts
FNF:0
FNH:0
DA:13,4
DA:29,4
DA:80,4
DA:115,4
DA:132,4
DA:161,4
DA:180,4
DA:208,4
LF:8
LH:8
BRF:0
BRH:0
end_of_record
TN:
SF:src\modules\listings\listing.schema.ts
FNF:0
FNH:0
DA:3,4
DA:19,4
DA:21,4
DA:34,4
LF:4
LH:4
BRF:0
BRH:0
end_of_record
TN:
SF:src\modules\listings\listing.service.ts
FN:12,create
FN:33,findAll
FN:60,findById
FN:69,update
FN:82,remove
FN:91,updateStatus
FN:104,findByLandlord
FNF:7
FNH:6
FNDA:2,create
FNDA:7,findAll
FNDA:1,findById
FNDA:1,update
FNDA:1,remove
FNDA:0,updateStatus
FNDA:1,findByLandlord
DA:6,4
DA:27,2
DA:37,7
DA:38,7
DA:40,7
DA:51,7
DA:61,1
DA:65,1
DA:66,1
DA:70,1
DA:71,1
DA:72,1
DA:73,0
DA:75,1
DA:83,1
DA:84,1
DA:85,1
DA:86,0
DA:88,1
DA:92,0
DA:93,0
DA:94,0
DA:95,0
DA:97,0
DA:105,1
LF:25
LH:18
BRDA:65,0,0,0
BRDA:71,1,0,0
BRDA:72,2,0,0
BRDA:84,3,0,0
BRDA:85,4,0,0
BRDA:93,5,0,0
BRDA:94,6,0,0
BRF:7
BRH:0
end_of_record
TN:
SF:src\modules\reviews\review.controller.ts
FN:7,(anonymous_0)
FN:13,(anonymous_1)
FNF:2
FNH:2
FNDA:3,(anonymous_0)
FNDA:3,(anonymous_1)
DA:7,4
DA:8,3
DA:9,3
DA:10,1
DA:13,4
DA:14,3
DA:15,2
LF:7
LH:7
BRF:0
BRH:0
end_of_record
TN:
SF:src\modules\reviews\review.routes.ts
FNF:0
FNH:0
DA:7,4
DA:32,4
DA:61,4
LF:3
LH:3
BRF:0
BRH:0
end_of_record
TN:
SF:src\modules\reviews\review.schema.ts
FNF:0
FNH:0
DA:3,4
LF:1
LH:1
BRF:0
BRH:0
end_of_record
TN:
SF:src\modules\reviews\review.service.ts
FN:10,create
FN:30,findByListing
FNF:2
FNH:2
FNDA:3,create
FNDA:3,findByListing
DA:4,4
DA:11,3
DA:15,3
DA:17,2
DA:20,2
DA:21,1
DA:24,1
DA:31,3
DA:35,3
DA:37,2
LF:10
LH:10
BRDA:15,0,0,1
BRDA:20,1,0,1
BRDA:35,2,0,1
BRF:3
BRH:3
end_of_record
TN:
SF:src\modules\users\user.controller.ts
FN:6,(anonymous_0)
FN:11,(anonymous_1)
FN:16,(anonymous_2)
FNF:3
FNH:3
FNDA:2,(anonymous_0)
FNDA:1,(anonymous_1)
FNDA:3,(anonymous_2)
DA:6,4
DA:7,2
DA:8,1
DA:11,4
DA:12,1
DA:13,1
DA:16,4
DA:17,3
DA:18,1
LF:9
LH:9
BRF:0
BRH:0
end_of_record
TN:
SF:src\modules\users\user.routes.ts
FNF:0
FNH:0
DA:8,4
DA:37,4
DA:66,4
DA:90,4
LF:4
LH:4
BRF:0
BRH:0
end_of_record
TN:
SF:src\modules\users\user.schema.ts
FNF:0
FNH:0
DA:3,4
LF:1
LH:1
BRF:0
BRH:0
end_of_record
TN:
SF:src\modules\users\user.service.ts
FN:14,getUser
FN:23,updateUser
FN:33,getUserListings
FNF:3
FNH:3
FNDA:2,getUser
FNDA:1,updateUser
FNDA:3,getUserListings
DA:5,4
DA:15,2
DA:19,2
DA:20,1
DA:24,1
DA:25,1
DA:26,1
DA:34,3
DA:38,3
DA:39,2
DA:40,1
DA:42,1
LF:12
LH:12
BRDA:19,0,0,1
BRDA:25,1,0,0
BRDA:38,2,0,1
BRDA:39,3,0,1
BRF:4
BRH:3
end_of_record
TN:
SF:src\routes\index.ts
FNF:0
FNH:0
DA:11,4
DA:13,4
DA:14,4
DA:15,4
DA:16,4
DA:17,4
DA:18,4
DA:19,4
DA:20,4
LF:9
LH:9
BRF:0
BRH:0
end_of_record
TN:
SF:src\utils\AppError.ts
FN:5,(anonymous_0)
FNF:1
FNH:1
FNDA:49,(anonymous_0)
DA:6,49
DA:7,49
DA:8,49
DA:9,49
LF:4
LH:4
BRF:0
BRH:0
end_of_record
TN:
SF:src\utils\apiResponse.ts
FN:3,success
FN:7,fail
FNF:2
FNH:1
FNDA:54,success
FNDA:0,fail
DA:4,54
DA:13,0
LF:2
LH:1
BRDA:3,0,0,44
BRDA:10,1,0,0
BRDA:11,2,0,0
BRF:3
BRH:1
end_of_record
TN:
SF:src\utils\asyncHandler.ts
FN:4,(anonymous_0)
FN:5,(anonymous_1)
FNF:2
FNH:2
FNDA:120,(anonymous_0)
FNDA:82,(anonymous_1)
DA:4,4
DA:5,120
DA:6,82
LF:3
LH:3
BRF:0
BRH:0
end_of_record
TN:
SF:src\utils\hash.ts
FN:6,hashPassword
FN:10,comparePassword
FN:17,hashToken
FNF:3
FNH:3
FNDA:1,hashPassword
FNDA:20,comparePassword
FNDA:23,hashToken
DA:4,4
DA:7,1
DA:14,20
DA:18,23
LF:4
LH:4
BRF:0
BRH:0
end_of_record
TN:
SF:src\utils\jwt.ts
FN:8,generateAccessToken
FN:14,verifyAccessToken
FNF:2
FNH:2
FNDA:21,generateAccessToken
FNDA:37,verifyAccessToken
DA:9,21
DA:10,21
DA:11,21
DA:15,37
DA:16,37
DA:17,37
LF:6
LH:6
BRDA:10,0,0,0
BRDA:16,1,0,0
BRF:2
BRH:0
end_of_record
TN:
SF:src\utils\param.ts
FN:3,param
FNF:1
FNH:1
FNDA:9,param
DA:4,9
DA:5,9
DA:6,9
LF:3
LH:3
BRDA:5,0,0,0
BRF:1
BRH:0
end_of_record
TN:
SF:tests\helpers.ts
FN:15,setTokens
FN:20,getAccessToken
FN:24,getRefreshTokenCookie
FN:28,clearDatabase
FN:40,seedUsers
FN:59,seedListings
FNF:6
FNH:5
FNDA:14,setTokens
FNDA:26,getAccessToken
FNDA:0,getRefreshTokenCookie
FNDA:8,clearDatabase
FNDA:4,seedUsers
FNDA:3,seedListings
DA:8,4
DA:12,4
DA:13,4
DA:16,14
DA:17,14
DA:21,26
DA:25,0
DA:29,8
DA:30,8
DA:31,8
DA:32,8
DA:33,8
DA:34,8
DA:35,8
DA:36,8
DA:37,8
DA:41,4
DA:43,4
DA:46,4
DA:49,4
DA:52,4
DA:56,4
DA:60,3
DA:79,3
DA:98,3
DA:117,3
DA:136,3
LF:27
LH:26
BRF:0
BRH:0
end_of_record
